#
# A fatal error has been detected by the Java Runtime Environment:
#
#  EXCEPTION_ACCESS_VIOLATION (0xc0000005) at pc=0x00007ffa1fa034c2, pid=14988, tid=14172
#
# JRE version: Java(TM) SE Runtime Environment (9.0+11) (build 9.0.4+11)
# Java VM: Java HotSpot(TM) 64-Bit Server VM (9.0.4+11, mixed mode, tiered, compressed oops, g1 gc, windows-amd64)
# Problematic frame:
# C  [librdi_simdata.dll+0x834c2]
#
# No core dump will be written. Minidumps are not enabled by default on client versions of Windows
#
# If you would like to submit a bug report, please visit:
#   http://bugreport.java.com/bugreport/crash.jsp
# The crash happened outside the Java Virtual Machine in native code.
# See problematic frame for where to report the bug.
#

---------------  S U M M A R Y ------------

Command Line: -Dsun.java2d.pmoffscreen=false -Dsun.java2d.xrender=false -Dsun.java2d.d3d=false -Dsun.awt.nopixfmt=true -Dsun.java2d.dpiaware=true -Dsun.java2d.uiScale.enabled=false -Xverify:none -Dswing.aatext=true -XX:-UsePerfData -Djdk.map.althashing.threshold=512 -XX:StringTableSize=4072 --add-opens=java.base/java.nio=ALL-UNNAMED --add-opens=java.desktop/sun.swing=ALL-UNNAMED --add-opens=java.desktop/javax.swing=ALL-UNNAMED --add-opens=java.desktop/javax.swing.tree=ALL-UNNAMED --add-opens=java.desktop/javax.swing.plaf.basic=ALL-UNNAMED --add-opens=java.desktop/javax.swing.plaf.synth=ALL-UNNAMED --add-opens=java.desktop/com.sun.awt=ALL-UNNAMED -XX:NewSize=60m -XX:MaxNewSize=60m -Xms128m -Xmx3072m -Xss5m 

Host: Intel(R) Core(TM) i7-10710U CPU @ 1.10GHz, 12 cores, 31G,  Windows 10 , 64 bit Build 22621 (10.0.22621.755)
Time: Thu Nov 24 01:28:50 2022 Hora estándar Europa Occidental elapsed time: 14301 seconds (0d 3h 58m 21s)

---------------  T H R E A D  ---------------

Current thread (0x000002332015c000):  JavaThread "AWT-EventQueue-1" [_thread_in_native, id=14172, stack(0x000000c803500000,0x000000c803a00000)]

Stack: [0x000000c803500000,0x000000c803a00000],  sp=0x000000c8039fc230,  free space=5104k
Native frames: (J=compiled Java code, j=interpreted, Vv=VM code, C=native code)
C  [librdi_simdata.dll+0x834c2]
C  [librdi_simdata.dll+0x7a742]
C  0x00007ff9ec54b50e
C  0x00007ff9ec54a720
C  0x00007ff9ec54a7d3
C  0x00007ff9ec54a5ae
C  0x00007ff9ec54b203
C  [librdi_simdata.dll+0x49111]
C  [librdi_simdata.dll+0x9d23e]
C  0x00000233100cb05a

Java frames: (J=compiled Java code, j=interpreted, Vv=VM code)
J 25879  ui.views.simulator.executive.simulationi.SimulationExecutive_getTreeWindowData(JILjava/lang/String;)Ljava/lang/String; (0 bytes) @ 0x00000233100cafbd [0x00000233100caf60+0x000000000000005d]
J 25877 c1 ui.views.O.c.a.a(Lui/views/O/j/f;Z)Lui/views/waveform/executive/protobuf/WVTree$WVTreeMessage; (96 bytes) @ 0x00000233088111cc [0x0000023308811080+0x000000000000014c]
J 25024 c1 ui.views.O.i.f.load()V (107 bytes) @ 0x000002330a967dac [0x000002330a9675e0+0x00000000000007cc]
J 29177 c1 ui.views.O.h.e.a(Lui/frmwork/b/i;)V (175 bytes) @ 0x0000023309dc62dc [0x0000023309dc4940+0x000000000000199c]
J 19288 c2 ui.frmwork.HTclEventBroker.i(JZ)V (471 bytes) @ 0x000002331078a1c0 [0x00000233107893c0+0x0000000000000e00]
J 23336 c2 ui.frmwork.HTclEventBroker.fireTclEvent(J)I (113 bytes) @ 0x0000023310b9e74c [0x0000023310b9e000+0x000000000000074c]
v  ~StubRoutines::call_stub
j  ui.views.simulator.executive.simulationi.SimulationExecutive_setTreeWindowTreeHeight(JII)V+0
j  ui.views.O.c.a.b(Lui/views/O/j/f;I)V+17
j  ui.views.O.i.f.gew()V+69
j  ui.views.O.i.h.geD()V+14
j  ui.views.O.i.h$$Lambda$288.run()V+4
J 15285 c2 java.awt.EventQueue$3.run()Ljava/lang/Object; java.desktop@9.0.4 (5 bytes) @ 0x000002330f8fae04 [0x000002330f8fad00+0x0000000000000104]
v  ~StubRoutines::call_stub
J 3737  java.security.AccessController.doPrivileged(Ljava/security/PrivilegedAction;Ljava/security/AccessControlContext;)Ljava/lang/Object; java.base@9.0.4 (0 bytes) @ 0x000002330f7e32c6 [0x000002330f7e3260+0x0000000000000066]
J 18808 c2 ui.frmwork.b.d.dispatchEvent(Ljava/awt/AWTEvent;)V (34 bytes) @ 0x000002330ff0fd24 [0x000002330ff0f700+0x0000000000000624]
J 24852 c2 java.awt.EventDispatchThread.pumpOneEventForFilters(I)V java.desktop@9.0.4 (218 bytes) @ 0x0000023310e6dfa8 [0x0000023310e6dd00+0x00000000000002a8]
J 20732% c2 java.awt.EventDispatchThread.pumpEventsForFilter(ILjava/awt/Conditional;Ljava/awt/EventFilter;)V java.desktop@9.0.4 (47 bytes) @ 0x000002330f825e58 [0x000002330f825d40+0x0000000000000118]
j  java.awt.EventDispatchThread.pumpEventsForHierarchy(ILjava/awt/Conditional;Ljava/awt/Component;)V+11 java.desktop@9.0.4
j  java.awt.EventDispatchThread.pumpEvents(ILjava/awt/Conditional;)V+4 java.desktop@9.0.4
j  java.awt.EventDispatchThread.pumpEvents(Ljava/awt/Conditional;)V+3 java.desktop@9.0.4
j  java.awt.EventDispatchThread.run()V+9 java.desktop@9.0.4
v  ~StubRoutines::call_stub

siginfo: EXCEPTION_ACCESS_VIOLATION (0xc0000005), reading address 0x0000000000000008


Register to memory mapping:

RIP=0x00007ffa1fa034c2 librdi_simdata.dll
RAX=0x0000000000000000 is an unknown value
RBX=0x000002333806aee0 is an unknown value
RCX=0x000002333806af00 is an unknown value
RDX=0x0000000000000000 is an unknown value
RSP=0x000000c8039fc230 is pointing into the stack for thread: 0x000002332015c000
RBP=0x000000c8039fc350 is pointing into the stack for thread: 0x000002332015c000
RSI=0x000000c8039fc490 is pointing into the stack for thread: 0x000002332015c000
RDI=0x000000c8039fc5f8 is pointing into the stack for thread: 0x000002332015c000
R8 =0x00000000000005f6 is an unknown value
R9 =0x0000000000000040 is an unknown value
R10=0x00000000000005c0 is an unknown value
R11=0x719e0e678e8f46e8 is an unknown value
R12=0x000000c8039fc720 is pointing into the stack for thread: 0x000002332015c000
R13=0x0000000000000000 is an unknown value
R14=0x000000c8039fc5f8 is pointing into the stack for thread: 0x000002332015c000
R15=0x0000000000000203 is an unknown value


Registers:
RAX=0x0000000000000000, RBX=0x000002333806aee0, RCX=0x000002333806af00, RDX=0x0000000000000000
RSP=0x000000c8039fc230, RBP=0x000000c8039fc350, RSI=0x000000c8039fc490, RDI=0x000000c8039fc5f8
R8 =0x00000000000005f6, R9 =0x0000000000000040, R10=0x00000000000005c0, R11=0x719e0e678e8f46e8
R12=0x000000c8039fc720, R13=0x0000000000000000, R14=0x000000c8039fc5f8, R15=0x0000000000000203
RIP=0x00007ffa1fa034c2, EFLAGS=0x0000000000010202

Top of Stack: (sp=0x000000c8039fc230)
0x000000c8039fc230:   000000c8039fc5f8 00007ffa1fab7295
0x000000c8039fc240:   0000000000000038 000000c8039fc5f8
0x000000c8039fc250:   fffffffffffffffe 000000c8039fc490
0x000000c8039fc260:   0000000000000000 00007ffa1f9fa742
0x000000c8039fc270:   000002333806aee0 0000000000000000
0x000000c8039fc280:   000000c8039fc490 00007ffa1fa037d4
0x000000c8039fc290:   0000000000000000 000000c8039fc720
0x000000c8039fc2a0:   fffffffffffffffe 00007ffababeb1e1
0x000000c8039fc2b0:   00000233391248a0 00007ff9ec54b50e
0x000000c8039fc2c0:   000002333806b0e0 000002333806aee0
0x000000c8039fc2d0:   000002333a35c010 0000000000000000
0x000000c8039fc2e0:   0000000000000000 00007ff9ec54a720
0x000000c8039fc2f0:   000000c8039fc490 0000000000000002
0x000000c8039fc300:   000002333806b0e0 00007ffa1fa034e7
0x000000c8039fc310:   000002333806b100 000002333806b0e0
0x000000c8039fc320:   0000000000000000 000000c8039fc5f8 

Instructions: (pc=0x00007ffa1fa034c2)
0x00007ffa1fa034a2:   48 89 41 08 48 89 41 10 48 89 41 18 48 83 c1 20
0x00007ffa1fa034b2:   48 89 01 48 89 41 08 48 89 41 10 48 3b da 74 26
0x00007ffa1fa034c2:   48 8b 42 08 48 89 43 08 8b 42 10 89 43 10 8b 42
0x00007ffa1fa034d2:   14 89 43 14 48 8b 42 18 48 89 43 18 48 83 c2 20 



---------------  P R O C E S S  ---------------

Java Threads: ( => current thread )
  0x0000023335336000 JavaThread "Relaunch Simulation" [_thread_blocked, id=10840, stack(0x000000c806500000,0x000000c806a00000)]
  0x000002333533c000 JavaThread "Thread-16282" [_thread_in_native, id=16464, stack(0x000000c802a00000,0x000000c802b00000)]
  0x000002333533e800 JavaThread "Thread-16251" [_thread_in_native, id=12576, stack(0x000000c802700000,0x000000c802800000)]
  0x0000023335334000 JavaThread "Thread-16249" [_thread_in_native, id=16968, stack(0x000000c802800000,0x000000c802900000)]
  0x0000023335331800 JavaThread "Thread-14239" [_thread_in_native, id=10452, stack(0x000000c802700000,0x000000c802800000)]
  0x0000023335333000 JavaThread "Thread-14236" [_thread_in_native, id=14880, stack(0x000000c802800000,0x000000c802900000)]
  0x000002337cf89000 JavaThread "Thread-12749" [_thread_in_native, id=9448, stack(0x000000c806300000,0x000000c806400000)]
  0x0000023323089800 JavaThread "Thread-12339" [_thread_in_native, id=15156, stack(0x000000c804500000,0x000000c804600000)]
  0x0000023323088800 JavaThread "Thread-12337" [_thread_in_native, id=16520, stack(0x000000c806500000,0x000000c806600000)]
  0x0000023323081800 JavaThread "Thread-9149" [_thread_in_native, id=13180, stack(0x000000c806000000,0x000000c806100000)]
  0x0000023323082800 JavaThread "Thread-9147" [_thread_in_native, id=9356, stack(0x000000c802700000,0x000000c802800000)]
  0x000002332307e000 JavaThread "SyntheticaAnimation 50" daemon [_thread_blocked, id=7592, stack(0x000000c808400000,0x000000c808900000)]
  0x000002332307b000 JavaThread "Thread-519" [_thread_in_native, id=17404, stack(0x000000c806400000,0x000000c806500000)]
  0x000002332307c800 JavaThread "Thread-515" [_thread_in_native, id=10468, stack(0x000000c806300000,0x000000c806400000)]
  0x0000023323083800 JavaThread "Thread-490" [_thread_in_native, id=8548, stack(0x000000c806500000,0x000000c806600000)]
  0x0000023323080000 JavaThread "Thread-461" [_thread_in_native, id=7636, stack(0x000000c804400000,0x000000c804500000)]
  0x0000023323086800 JavaThread "Image Animator 3" daemon [_thread_blocked, id=14920, stack(0x000000c807400000,0x000000c807900000)]
  0x000002332307a000 JavaThread "SyntheticaAnimation 50" daemon [_thread_blocked, id=14868, stack(0x000000c807c00000,0x000000c808100000)]
  0x000002332307f800 JavaThread "Thread-36" [_thread_in_native, id=1096, stack(0x000000c806b00000,0x000000c806c00000)]
  0x0000023323079800 JavaThread "Thread-34" [_thread_in_native, id=15228, stack(0x000000c806a00000,0x000000c806b00000)]
  0x000002332307e800 JavaThread "Update Runs Swing Worker" [_thread_blocked, id=2812, stack(0x000000c806f00000,0x000000c807400000)]
  0x000002332307d000 JavaThread "hw_ila_monitor" [_thread_blocked, id=15168, stack(0x000000c805b00000,0x000000c806000000)]
  0x000002337cf89800 JavaThread "Refresh Filesets Swing Worker" [_thread_blocked, id=7236, stack(0x000000c805600000,0x000000c805b00000)]
  0x000002337cf86800 JavaThread "SyntheticaAnimation 70" daemon [_thread_blocked, id=9744, stack(0x000000c803a00000,0x000000c803f00000)]
  0x000002337cf85000 JavaThread "SyntheticaAnimation 25" daemon [_thread_blocked, id=16804, stack(0x000000c805100000,0x000000c805600000)]
  0x000002337cf84800 JavaThread "SyntheticaAnimation 50" daemon [_thread_blocked, id=4224, stack(0x000000c804c00000,0x000000c805100000)]
  0x000002337cf8b000 JavaThread "Monitor HEventQueue" [_thread_blocked, id=13820, stack(0x000000c804700000,0x000000c804c00000)]
  0x000002337cf8a800 JavaThread "SyntheticaCleanerThread" daemon [_thread_blocked, id=13760, stack(0x000000c803f00000,0x000000c804400000)]
  0x000002337cf86000 JavaThread "Batik CleanerThread" daemon [_thread_blocked, id=13900, stack(0x000000c802b00000,0x000000c803000000)]
=>0x000002332015c000 JavaThread "AWT-EventQueue-1" [_thread_in_native, id=14172, stack(0x000000c803500000,0x000000c803a00000)]
  0x0000023320ed5000 JavaThread "Process Messages" [_thread_blocked, id=13340, stack(0x000000c803000000,0x000000c803500000)]
  0x00000233201c8000 JavaThread "Thread-1" [_thread_in_native, id=4244, stack(0x000000c87b900000,0x000000c87cd00000)]
  0x00000233206cc800 JavaThread "TimerQueue" daemon [_thread_blocked, id=11212, stack(0x000000c802100000,0x000000c802600000)]
  0x000002337b887800 JavaThread "AWT-Windows" daemon [_thread_in_native, id=5848, stack(0x000000c801c00000,0x000000c802100000)]
  0x000002337aebf000 JavaThread "AWT-Shutdown" [_thread_blocked, id=8492, stack(0x000000c801700000,0x000000c801c00000)]
  0x000002337b5ff800 JavaThread "Java2D Disposer" daemon [_thread_blocked, id=1716, stack(0x000000c801200000,0x000000c801700000)]
  0x000002337ae7d800 JavaThread "Service Thread" daemon [_thread_blocked, id=6384, stack(0x000000c800c00000,0x000000c801100000)]
  0x000002337ce0b800 JavaThread "Common-Cleaner" daemon [_thread_blocked, id=15612, stack(0x000000c800700000,0x000000c800c00000)]
  0x000002337cf88000 JavaThread "Sweeper thread" daemon [_thread_blocked, id=13564, stack(0x000000c800200000,0x000000c800700000)]
  0x000002337cdfa000 JavaThread "C1 CompilerThread3" daemon [_thread_blocked, id=9604, stack(0x000000c800100000,0x000000c800200000)]
  0x000002337cdf9800 JavaThread "C2 CompilerThread2" daemon [_thread_blocked, id=16916, stack(0x000000c800000000,0x000000c800100000)]
  0x000002337cdf8800 JavaThread "C2 CompilerThread1" daemon [_thread_blocked, id=1196, stack(0x000000c87ff00000,0x000000c880000000)]
  0x000002337cdf7800 JavaThread "C2 CompilerThread0" daemon [_thread_blocked, id=4524, stack(0x000000c87fe00000,0x000000c87ff00000)]
  0x0000023373da0800 JavaThread "Attach Listener" daemon [_thread_blocked, id=15624, stack(0x000000c87f900000,0x000000c87fe00000)]
  0x000002337cded000 JavaThread "Signal Dispatcher" daemon [_thread_blocked, id=12908, stack(0x000000c87f400000,0x000000c87f900000)]
  0x000002337ab7a000 JavaThread "Finalizer" daemon [_thread_blocked, id=3404, stack(0x000000c87ef00000,0x000000c87f400000)]
  0x000002337ab79000 JavaThread "Reference Handler" daemon [_thread_blocked, id=12428, stack(0x000000c87ea00000,0x000000c87ef00000)]
  0x0000023376cce000 JavaThread "main" [_thread_blocked, id=10128, stack(0x000000c87cf00000,0x000000c87d000000)]

Other Threads:
  0x000002337cde7000 VMThread "VM Thread" [stack: 0x000000c87e900000,0x000000c87ea00000] [id=11824]
  0x00000233001c2800 WatcherThread [stack: 0x000000c801100000,0x000000c801200000] [id=13520]
  0x000002337caef000 GCTaskThread "GC Thread#0" [stack: 0x000000c87d000000,0x000000c87d100000] [id=9444]
  0x000002337cbec000 GCTaskThread "GC Thread#1" [stack: 0x000000c87d100000,0x000000c87d200000] [id=16148]
  0x000002337cbe6800 GCTaskThread "GC Thread#2" [stack: 0x000000c87d200000,0x000000c87d300000] [id=3536]
  0x000002337cbec800 GCTaskThread "GC Thread#3" [stack: 0x000000c87d300000,0x000000c87d400000] [id=8672]
  0x000002337cbe8000 GCTaskThread "GC Thread#4" [stack: 0x000000c87d400000,0x000000c87d500000] [id=4348]
  0x000002337cbea800 GCTaskThread "GC Thread#5" [stack: 0x000000c87d500000,0x000000c87d600000] [id=15216]
  0x000002337cbe7000 GCTaskThread "GC Thread#6" [stack: 0x000000c87d600000,0x000000c87d700000] [id=16920]
  0x000002337cbeb800 GCTaskThread "GC Thread#7" [stack: 0x000000c87d700000,0x000000c87d800000] [id=4796]
  0x000002337cbe9000 GCTaskThread "GC Thread#8" [stack: 0x000000c87d800000,0x000000c87d900000] [id=15308]
  0x000002337cbe9800 GCTaskThread "GC Thread#9" [stack: 0x000000c87d900000,0x000000c87da00000] [id=15124]
  0x000002337cd21000 ConcurrentGCThread "G1 Main Marker" [stack: 0x000000c87e500000,0x000000c87e600000] [id=12584]
  0x000002337cbed000 ConcurrentGCThread "G1 Marker#0" [stack: 0x000000c87e600000,0x000000c87e700000] [id=13912]
  0x000002337cbe7800 ConcurrentGCThread "G1 Marker#1" [stack: 0x000000c87e700000,0x000000c87e800000] [id=824]
  0x000002337cbea000 ConcurrentGCThread "G1 Marker#2" [stack: 0x000000c87e800000,0x000000c87e900000] [id=11076]
  0x000002337a484000 ConcurrentGCThread "G1 Refine#0" [stack: 0x000000c87e300000,0x000000c87e400000] [id=9632]
  0x000002337a483800 ConcurrentGCThread "G1 Refine#1" [stack: 0x000000c87e200000,0x000000c87e300000] [id=15108]
  0x000002337d7cd800 ConcurrentGCThread "G1 Refine#2" [stack: 0x000000c87e100000,0x000000c87e200000] [id=13288]
  0x000002337cb77800 ConcurrentGCThread "G1 Refine#3" [stack: 0x000000c87e000000,0x000000c87e100000] [id=11060]
  0x000002337cb77000 ConcurrentGCThread "G1 Refine#4" [stack: 0x000000c87df00000,0x000000c87e000000] [id=12176]
  0x000002337cb76800 ConcurrentGCThread "G1 Refine#5" [stack: 0x000000c87de00000,0x000000c87df00000] [id=16760]
  0x000002337cb10800 ConcurrentGCThread "G1 Refine#6" [stack: 0x000000c87dd00000,0x000000c87de00000] [id=16180]
  0x000002337d031800 ConcurrentGCThread "G1 Refine#7" [stack: 0x000000c87dc00000,0x000000c87dd00000] [id=11248]
  0x000002337c89d800 ConcurrentGCThread "G1 Refine#8" [stack: 0x000000c87db00000,0x000000c87dc00000] [id=6456]
  0x000002337c89c800 ConcurrentGCThread "G1 Refine#9" [stack: 0x000000c87da00000,0x000000c87db00000] [id=10920]
  0x000002337a0f3000 ConcurrentGCThread "G1 Young RemSet Sampling" [stack: 0x000000c87e400000,0x000000c87e500000] [id=17008]

Threads with active compile tasks:

VM state:not at safepoint (normal execution)

VM Mutex/Monitor currently owned by a thread: None

Heap address: 0x0000000700000000, size: 3072 MB, Compressed Oops mode: Zero based, Oop shift amount: 3
Narrow klass base: 0x0000000000000000, Narrow klass shift: 3
Compressed class space size: 1073741824 Address: 0x00000007c0000000

Heap:
 garbage-first heap   total 281600K, used 152623K [0x0000000700000000, 0x0000000700100898, 0x00000007c0000000)
  region size 1024K, 34 young (34816K), 1 survivors (1024K)
 Metaspace       used 91418K, capacity 93307K, committed 101196K, reserved 1136640K
  class space    used 11828K, capacity 12242K, committed 13952K, reserved 1048576K
Heap Regions: E=young(eden), S=young(survivor), O=old, HS=humongous(starts), HC=humongous(continues), CS=collection set, F=free, A=archive, TS=gc time stamp, AC=allocation context, TAMS=top-at-mark-start (previous, next)
|   0|0x0000000700000000, 0x00000007000dbe48, 0x0000000700100000| 85%| O|  |TS  0|AC  0|TAMS 0x0000000700000000, 0x0000000700000000|
|   1|0x0000000700100000, 0x0000000700200000, 0x0000000700200000|100%|HS|  |TS  0|AC  0|TAMS 0x0000000700100000, 0x0000000700100000|
|   2|0x0000000700200000, 0x0000000700300000, 0x0000000700300000|100%|HC|  |TS  0|AC  0|TAMS 0x0000000700200000, 0x0000000700200000|
|   3|0x0000000700300000, 0x0000000700400000, 0x0000000700400000|100%|HS|  |TS  0|AC  0|TAMS 0x0000000700300000, 0x0000000700300000|
|   4|0x0000000700400000, 0x00000007004fcac0, 0x0000000700500000| 98%| O|  |TS  0|AC  0|TAMS 0x0000000700400000, 0x0000000700400000|
|   5|0x0000000700500000, 0x00000007005efdb8, 0x0000000700600000| 93%| O|  |TS  0|AC  0|TAMS 0x0000000700500000, 0x0000000700500000|
|   6|0x0000000700600000, 0x00000007006ffff0, 0x0000000700700000| 99%| O|  |TS  0|AC  0|TAMS 0x0000000700600000, 0x0000000700600000|
|   7|0x0000000700700000, 0x00000007007fffe8, 0x0000000700800000| 99%| O|  |TS  0|AC  0|TAMS 0x0000000700700000, 0x0000000700700000|
|   8|0x0000000700800000, 0x0000000700900000, 0x0000000700900000|100%| O|  |TS  0|AC  0|TAMS 0x0000000700800000, 0x0000000700800000|
|   9|0x0000000700900000, 0x00000007009e0788, 0x0000000700a00000| 87%| O|  |TS  0|AC  0|TAMS 0x0000000700900000, 0x0000000700900000|
|  10|0x0000000700a00000, 0x0000000700afff38, 0x0000000700b00000| 99%| O|  |TS  0|AC  0|TAMS 0x0000000700a00000, 0x0000000700a00000|
|  11|0x0000000700b00000, 0x0000000700bffff0, 0x0000000700c00000| 99%| O|  |TS  0|AC  0|TAMS 0x0000000700b00000, 0x0000000700b00000|
|  12|0x0000000700c00000, 0x0000000700cfd6d8, 0x0000000700d00000| 98%| O|  |TS  0|AC  0|TAMS 0x0000000700c00000, 0x0000000700c00000|
|  13|0x0000000700d00000, 0x0000000700dfffe0, 0x0000000700e00000| 99%| O|  |TS  0|AC  0|TAMS 0x0000000700d00000, 0x0000000700d00000|
|  14|0x0000000700e00000, 0x0000000700efe5d0, 0x0000000700f00000| 99%| O|  |TS  0|AC  0|TAMS 0x0000000700e00000, 0x0000000700e00000|
|  15|0x0000000700f00000, 0x0000000700ffffe0, 0x0000000701000000| 99%| O|  |TS  0|AC  0|TAMS 0x0000000700f00000, 0x0000000700f00000|
|  16|0x0000000701000000, 0x00000007010fff90, 0x0000000701100000| 99%| O|  |TS  0|AC  0|TAMS 0x0000000701000000, 0x0000000701000000|
|  17|0x0000000701100000, 0x00000007011ffee8, 0x0000000701200000| 99%| O|  |TS  0|AC  0|TAMS 0x0000000701100000, 0x0000000701100000|
|  18|0x0000000701200000, 0x00000007012fffd0, 0x0000000701300000| 99%| O|  |TS  0|AC  0|TAMS 0x0000000701200000, 0x0000000701200000|
|  19|0x0000000701300000, 0x0000000701400000, 0x0000000701400000|100%| O|  |TS  0|AC  0|TAMS 0x0000000701300000, 0x0000000701300000|
|  20|0x0000000701400000, 0x0000000701500000, 0x0000000701500000|100%|HS|  |TS  0|AC  0|TAMS 0x0000000701400000, 0x0000000701400000|
|  21|0x0000000701500000, 0x00000007015fffe8, 0x0000000701600000| 99%| O|  |TS  0|AC  0|TAMS 0x0000000701500000, 0x0000000701500000|
|  22|0x0000000701600000, 0x00000007016fffd8, 0x0000000701700000| 99%| O|  |TS  0|AC  0|TAMS 0x0000000701600000, 0x0000000701600000|
|  23|0x0000000701700000, 0x00000007017ffff8, 0x0000000701800000| 99%| O|  |TS  0|AC  0|TAMS 0x0000000701700000, 0x0000000701700000|
|  24|0x0000000701800000, 0x00000007018fffe8, 0x0000000701900000| 99%| O|  |TS  0|AC  0|TAMS 0x0000000701800000, 0x0000000701800000|
|  25|0x0000000701900000, 0x00000007019fffe0, 0x0000000701a00000| 99%| O|  |TS  0|AC  0|TAMS 0x0000000701900000, 0x0000000701900000|
|  26|0x0000000701a00000, 0x0000000701b00000, 0x0000000701b00000|100%| O|  |TS  0|AC  0|TAMS 0x0000000701a00000, 0x0000000701a00000|
|  27|0x0000000701b00000, 0x0000000701bffff0, 0x0000000701c00000| 99%| O|  |TS  0|AC  0|TAMS 0x0000000701b00000, 0x0000000701b00000|
|  28|0x0000000701c00000, 0x0000000701cffff0, 0x0000000701d00000| 99%| O|  |TS  0|AC  0|TAMS 0x0000000701c00000, 0x0000000701c00000|
|  29|0x0000000701d00000, 0x0000000701dffff8, 0x0000000701e00000| 99%| O|  |TS  0|AC  0|TAMS 0x0000000701d00000, 0x0000000701d00000|
|  30|0x0000000701e00000, 0x0000000701effff0, 0x0000000701f00000| 99%| O|  |TS  0|AC  0|TAMS 0x0000000701e00000, 0x0000000701e00000|
|  31|0x0000000701f00000, 0x0000000701fffff8, 0x0000000702000000| 99%| O|  |TS  0|AC  0|TAMS 0x0000000701f00000, 0x0000000701f00000|
|  32|0x0000000702000000, 0x00000007020a98d0, 0x0000000702100000| 66%| O|  |TS  0|AC  0|TAMS 0x0000000702000000, 0x0000000702000000|
|  33|0x0000000702100000, 0x00000007021ffff0, 0x0000000702200000| 99%| O|  |TS  0|AC  0|TAMS 0x0000000702100000, 0x0000000702100000|
|  34|0x0000000702200000, 0x00000007022ffff8, 0x0000000702300000| 99%| O|  |TS  0|AC  0|TAMS 0x0000000702200000, 0x0000000702200000|
|  35|0x0000000702300000, 0x00000007023fffd8, 0x0000000702400000| 99%| O|  |TS  0|AC  0|TAMS 0x0000000702300000, 0x0000000702300000|
|  36|0x0000000702400000, 0x00000007024fff38, 0x0000000702500000| 99%| O|  |TS  0|AC  0|TAMS 0x0000000702400000, 0x0000000702400000|
|  37|0x0000000702500000, 0x00000007025ffeb8, 0x0000000702600000| 99%| O|  |TS  0|AC  0|TAMS 0x0000000702500000, 0x0000000702500000|
|  38|0x0000000702600000, 0x00000007026efb80, 0x0000000702700000| 93%| O|  |TS  0|AC  0|TAMS 0x0000000702600000, 0x0000000702600000|
|  39|0x0000000702700000, 0x00000007027ffff8, 0x0000000702800000| 99%| O|  |TS  0|AC  0|TAMS 0x0000000702700000, 0x0000000702700000|
|  40|0x0000000702800000, 0x00000007028ffff0, 0x0000000702900000| 99%| O|  |TS  0|AC  0|TAMS 0x0000000702800000, 0x0000000702800000|
|  41|0x0000000702900000, 0x0000000702a00000, 0x0000000702a00000|100%| O|  |TS  0|AC  0|TAMS 0x0000000702900000, 0x0000000702900000|
|  42|0x0000000702a00000, 0x0000000702afff48, 0x0000000702b00000| 99%| O|  |TS  0|AC  0|TAMS 0x0000000702a00000, 0x0000000702a00000|
|  43|0x0000000702b00000, 0x0000000702bfffd8, 0x0000000702c00000| 99%| O|  |TS  0|AC  0|TAMS 0x0000000702b00000, 0x0000000702b00000|
|  44|0x0000000702c00000, 0x0000000702cffff8, 0x0000000702d00000| 99%| O|  |TS  0|AC  0|TAMS 0x0000000702c00000, 0x0000000702c00000|
|  45|0x0000000702d00000, 0x0000000702dfffd8, 0x0000000702e00000| 99%| O|  |TS  0|AC  0|TAMS 0x0000000702d00000, 0x0000000702d00000|
|  46|0x0000000702e00000, 0x0000000702effe00, 0x0000000702f00000| 99%| O|  |TS  0|AC  0|TAMS 0x0000000702e00000, 0x0000000702e00000|
|  47|0x0000000702f00000, 0x0000000702fffff8, 0x0000000703000000| 99%| O|  |TS  0|AC  0|TAMS 0x0000000702f00000, 0x0000000702f00000|
|  48|0x0000000703000000, 0x00000007030fffc8, 0x0000000703100000| 99%| O|  |TS  0|AC  0|TAMS 0x0000000703000000, 0x0000000703000000|
|  49|0x0000000703100000, 0x00000007031fe258, 0x0000000703200000| 99%| O|  |TS  0|AC  0|TAMS 0x0000000703100000, 0x0000000703100000|
|  50|0x0000000703200000, 0x00000007032fffe8, 0x0000000703300000| 99%| O|  |TS  0|AC  0|TAMS 0x0000000703200000, 0x0000000703200000|
|  51|0x0000000703300000, 0x0000000703400000, 0x0000000703400000|100%| O|  |TS  0|AC  0|TAMS 0x0000000703300000, 0x0000000703300000|
|  52|0x0000000703400000, 0x0000000703500000, 0x0000000703500000|100%| O|  |TS  0|AC  0|TAMS 0x0000000703400000, 0x0000000703400000|
|  53|0x0000000703500000, 0x00000007035ffff8, 0x0000000703600000| 99%| O|  |TS  0|AC  0|TAMS 0x0000000703500000, 0x0000000703500000|
|  54|0x0000000703600000, 0x00000007036fff90, 0x0000000703700000| 99%| O|  |TS  0|AC  0|TAMS 0x0000000703600000, 0x0000000703600000|
|  55|0x0000000703700000, 0x00000007037ffff8, 0x0000000703800000| 99%| O|  |TS  0|AC  0|TAMS 0x0000000703700000, 0x0000000703700000|
|  56|0x0000000703800000, 0x00000007038ffd78, 0x0000000703900000| 99%| O|  |TS  0|AC  0|TAMS 0x0000000703800000, 0x0000000703800000|
|  57|0x0000000703900000, 0x00000007039ffff0, 0x0000000703a00000| 99%| O|  |TS  0|AC  0|TAMS 0x0000000703900000, 0x0000000703900000|
|  58|0x0000000703a00000, 0x0000000703affe80, 0x0000000703b00000| 99%| O|  |TS  0|AC  0|TAMS 0x0000000703a00000, 0x0000000703a00000|
|  59|0x0000000703b00000, 0x0000000703bf1a90, 0x0000000703c00000| 94%| O|  |TS  0|AC  0|TAMS 0x0000000703b00000, 0x0000000703b00000|
|  60|0x0000000703c00000, 0x0000000703cffff0, 0x0000000703d00000| 99%| O|  |TS  0|AC  0|TAMS 0x0000000703c00000, 0x0000000703c00000|
|  61|0x0000000703d00000, 0x0000000703dfead0, 0x0000000703e00000| 99%| O|  |TS  0|AC  0|TAMS 0x0000000703d00000, 0x0000000703d00000|
|  62|0x0000000703e00000, 0x0000000703f00000, 0x0000000703f00000|100%| O|  |TS  0|AC  0|TAMS 0x0000000703e00000, 0x0000000703e00000|
|  63|0x0000000703f00000, 0x0000000703ffffe8, 0x0000000704000000| 99%| O|  |TS  0|AC  0|TAMS 0x0000000703f00000, 0x0000000703f00000|
|  64|0x0000000704000000, 0x00000007040ffff0, 0x0000000704100000| 99%| O|  |TS  0|AC  0|TAMS 0x0000000704000000, 0x0000000704000000|
|  65|0x0000000704100000, 0x00000007041fffd8, 0x0000000704200000| 99%| O|  |TS  0|AC  0|TAMS 0x0000000704100000, 0x0000000704100000|
|  66|0x0000000704200000, 0x00000007042ffee8, 0x0000000704300000| 99%| O|  |TS  0|AC  0|TAMS 0x0000000704200000, 0x0000000704200000|
|  67|0x0000000704300000, 0x00000007043febd8, 0x0000000704400000| 99%| O|  |TS  0|AC  0|TAMS 0x0000000704300000, 0x0000000704300000|
|  68|0x0000000704400000, 0x00000007044fff50, 0x0000000704500000| 99%| O|  |TS  0|AC  0|TAMS 0x0000000704400000, 0x0000000704400000|
|  69|0x0000000704500000, 0x00000007045ffff0, 0x0000000704600000| 99%| O|  |TS  0|AC  0|TAMS 0x0000000704500000, 0x0000000704500000|
|  70|0x0000000704600000, 0x00000007046fffe8, 0x0000000704700000| 99%| O|  |TS  0|AC  0|TAMS 0x0000000704600000, 0x0000000704600000|
|  71|0x0000000704700000, 0x00000007047ffff8, 0x0000000704800000| 99%| O|  |TS  0|AC  0|TAMS 0x0000000704700000, 0x0000000704700000|
|  72|0x0000000704800000, 0x00000007048fe430, 0x0000000704900000| 99%| O|  |TS  0|AC  0|TAMS 0x0000000704800000, 0x0000000704800000|
|  73|0x0000000704900000, 0x00000007049ffff0, 0x0000000704a00000| 99%| O|  |TS  0|AC  0|TAMS 0x0000000704900000, 0x0000000704900000|
|  74|0x0000000704a00000, 0x0000000704affff8, 0x0000000704b00000| 99%| O|  |TS  0|AC  0|TAMS 0x0000000704a00000, 0x0000000704a00000|
|  75|0x0000000704b00000, 0x0000000704bffff0, 0x0000000704c00000| 99%| O|  |TS  0|AC  0|TAMS 0x0000000704b00000, 0x0000000704b00000|
|  76|0x0000000704c00000, 0x0000000704cfffe8, 0x0000000704d00000| 99%| O|  |TS  0|AC  0|TAMS 0x0000000704c00000, 0x0000000704c00000|
|  77|0x0000000704d00000, 0x0000000704e00000, 0x0000000704e00000|100%| O|  |TS  0|AC  0|TAMS 0x0000000704d00000, 0x0000000704d00000|
|  78|0x0000000704e00000, 0x0000000704effff8, 0x0000000704f00000| 99%| O|  |TS  0|AC  0|TAMS 0x0000000704e00000, 0x0000000704e00000|
|  79|0x0000000704f00000, 0x0000000705000000, 0x0000000705000000|100%| O|  |TS  0|AC  0|TAMS 0x0000000704f00000, 0x0000000704f00000|
|  80|0x0000000705000000, 0x00000007050fff70, 0x0000000705100000| 99%| O|  |TS  0|AC  0|TAMS 0x0000000705000000, 0x0000000705000000|
|  81|0x0000000705100000, 0x0000000705200000, 0x0000000705200000|100%| O|  |TS  0|AC  0|TAMS 0x0000000705100000, 0x0000000705100000|
|  82|0x0000000705200000, 0x00000007052ffff8, 0x0000000705300000| 99%| O|  |TS  0|AC  0|TAMS 0x0000000705200000, 0x0000000705200000|
|  83|0x0000000705300000, 0x0000000705400000, 0x0000000705400000|100%| O|  |TS  0|AC  0|TAMS 0x0000000705300000, 0x0000000705300000|
|  84|0x0000000705400000, 0x00000007054ffe68, 0x0000000705500000| 99%| O|  |TS  0|AC  0|TAMS 0x0000000705400000, 0x0000000705400000|
|  85|0x0000000705500000, 0x00000007055ffff0, 0x0000000705600000| 99%| O|  |TS  0|AC  0|TAMS 0x0000000705500000, 0x0000000705500000|
|  86|0x0000000705600000, 0x00000007056ffff0, 0x0000000705700000| 99%| O|  |TS  0|AC  0|TAMS 0x0000000705600000, 0x0000000705600000|
|  87|0x0000000705700000, 0x00000007057fffe8, 0x0000000705800000| 99%| O|  |TS  0|AC  0|TAMS 0x0000000705700000, 0x0000000705700000|
|  88|0x0000000705800000, 0x00000007058fffe0, 0x0000000705900000| 99%| O|  |TS  0|AC  0|TAMS 0x0000000705800000, 0x0000000705800000|
|  89|0x0000000705900000, 0x0000000705a00000, 0x0000000705a00000|100%| O|  |TS  0|AC  0|TAMS 0x0000000705900000, 0x0000000705900000|
|  90|0x0000000705a00000, 0x0000000705afffe0, 0x0000000705b00000| 99%| O|  |TS  0|AC  0|TAMS 0x0000000705a00000, 0x0000000705a00000|
|  91|0x0000000705b00000, 0x0000000705c00000, 0x0000000705c00000|100%|HS|  |TS  0|AC  0|TAMS 0x0000000705b00000, 0x0000000705b00000|
|  92|0x0000000705c00000, 0x0000000705d00000, 0x0000000705d00000|100%|HS|  |TS  0|AC  0|TAMS 0x0000000705c00000, 0x0000000705c00000|
|  93|0x0000000705d00000, 0x0000000705e00000, 0x0000000705e00000|100%|HC|  |TS  0|AC  0|TAMS 0x0000000705d00000, 0x0000000705d00000|
|  94|0x0000000705e00000, 0x0000000705f00000, 0x0000000705f00000|100%|HC|  |TS  0|AC  0|TAMS 0x0000000705e00000, 0x0000000705e00000|
|  95|0x0000000705f00000, 0x0000000706000000, 0x0000000706000000|100%|HC|  |TS  0|AC  0|TAMS 0x0000000705f00000, 0x0000000705f00000|
|  96|0x0000000706000000, 0x0000000706100000, 0x0000000706100000|100%|HC|  |TS  0|AC  0|TAMS 0x0000000706000000, 0x0000000706000000|
|  97|0x0000000706100000, 0x0000000706200000, 0x0000000706200000|100%|HC|  |TS  0|AC  0|TAMS 0x0000000706100000, 0x0000000706100000|
|  98|0x0000000706200000, 0x0000000706300000, 0x0000000706300000|100%|HC|  |TS  0|AC  0|TAMS 0x0000000706200000, 0x0000000706200000|
|  99|0x0000000706300000, 0x0000000706400000, 0x0000000706400000|100%|HC|  |TS  0|AC  0|TAMS 0x0000000706300000, 0x0000000706300000|
| 100|0x0000000706400000, 0x00000007064fe868, 0x0000000706500000| 99%| O|  |TS  0|AC  0|TAMS 0x0000000706400000, 0x0000000706400000|
| 101|0x0000000706500000, 0x00000007065ffff0, 0x0000000706600000| 99%| O|  |TS  0|AC  0|TAMS 0x0000000706500000, 0x0000000706500000|
| 102|0x0000000706600000, 0x00000007066ffff0, 0x0000000706700000| 99%| O|  |TS  0|AC  0|TAMS 0x0000000706600000, 0x0000000706600000|
| 103|0x0000000706700000, 0x0000000706800000, 0x0000000706800000|100%| O|  |TS  0|AC  0|TAMS 0x0000000706700000, 0x0000000706700000|
| 104|0x0000000706800000, 0x0000000706900000, 0x0000000706900000|100%|HS|  |TS  0|AC  0|TAMS 0x0000000706800000, 0x0000000706800000|
| 105|0x0000000706900000, 0x0000000706a00000, 0x0000000706a00000|100%|HC|  |TS  0|AC  0|TAMS 0x0000000706900000, 0x0000000706900000|
| 106|0x0000000706a00000, 0x0000000706b00000, 0x0000000706b00000|100%|HS|  |TS  0|AC  0|TAMS 0x0000000706a00000, 0x0000000706a00000|
| 107|0x0000000706b00000, 0x0000000706bffff8, 0x0000000706c00000| 99%| O|  |TS  0|AC  0|TAMS 0x0000000706b00000, 0x0000000706b00000|
| 108|0x0000000706c00000, 0x0000000706d00000, 0x0000000706d00000|100%|HS|  |TS  0|AC  0|TAMS 0x0000000706c00000, 0x0000000706c00000|
| 109|0x0000000706d00000, 0x0000000706e00000, 0x0000000706e00000|100%|HC|  |TS  0|AC  0|TAMS 0x0000000706d00000, 0x0000000706d00000|
| 110|0x0000000706e00000, 0x0000000706effff0, 0x0000000706f00000| 99%| O|  |TS  0|AC  0|TAMS 0x0000000706e00000, 0x0000000706e00000|
| 111|0x0000000706f00000, 0x0000000706fffff8, 0x0000000707000000| 99%| O|  |TS  0|AC  0|TAMS 0x0000000706f00000, 0x0000000706f00000|
| 112|0x0000000707000000, 0x0000000707019068, 0x0000000707100000|  9%| O|  |TS  0|AC  0|TAMS 0x0000000707000000, 0x0000000707000000|
| 113|0x0000000707100000, 0x0000000707100000, 0x0000000707200000|  0%| F|  |TS 23|AC  0|TAMS 0x0000000707100000, 0x0000000707100000|
| 114|0x0000000707200000, 0x0000000707200000, 0x0000000707300000|  0%| F|  |TS 23|AC  0|TAMS 0x0000000707200000, 0x0000000707200000|
| 115|0x0000000707300000, 0x0000000707300000, 0x0000000707400000|  0%| F|  |TS 23|AC  0|TAMS 0x0000000707300000, 0x0000000707300000|
| 116|0x0000000707400000, 0x0000000707500000, 0x0000000707500000|100%|HS|  |TS  0|AC  0|TAMS 0x0000000707400000, 0x0000000707400000|
| 117|0x0000000707500000, 0x0000000707600000, 0x0000000707600000|100%|HC|  |TS  0|AC  0|TAMS 0x0000000707500000, 0x0000000707500000|
| 118|0x0000000707600000, 0x0000000707700000, 0x0000000707700000|100%|HC|  |TS  0|AC  0|TAMS 0x0000000707600000, 0x0000000707600000|
| 119|0x0000000707700000, 0x0000000707800000, 0x0000000707800000|100%|HS|  |TS  0|AC  0|TAMS 0x0000000707700000, 0x0000000707700000|
| 120|0x0000000707800000, 0x0000000707900000, 0x0000000707900000|100%|HC|  |TS  0|AC  0|TAMS 0x0000000707800000, 0x0000000707800000|
| 121|0x0000000707900000, 0x0000000707900000, 0x0000000707a00000|  0%| F|  |TS  0|AC  0|TAMS 0x0000000707900000, 0x0000000707900000|
| 122|0x0000000707a00000, 0x0000000707a00000, 0x0000000707b00000|  0%| F|  |TS  0|AC  0|TAMS 0x0000000707a00000, 0x0000000707a00000|
| 123|0x0000000707b00000, 0x0000000707b00000, 0x0000000707c00000|  0%| F|  |TS  0|AC  0|TAMS 0x0000000707b00000, 0x0000000707b00000|
| 124|0x0000000707c00000, 0x0000000707c00000, 0x0000000707d00000|  0%| F|  |TS  0|AC  0|TAMS 0x0000000707c00000, 0x0000000707c00000|
| 125|0x0000000707d00000, 0x0000000707d00000, 0x0000000707e00000|  0%| F|  |TS  0|AC  0|TAMS 0x0000000707d00000, 0x0000000707d00000|
| 126|0x0000000707e00000, 0x0000000707e00000, 0x0000000707f00000|  0%| F|  |TS  0|AC  0|TAMS 0x0000000707e00000, 0x0000000707e00000|
| 127|0x0000000707f00000, 0x0000000707f00000, 0x0000000708000000|  0%| F|  |TS  0|AC  0|TAMS 0x0000000707f00000, 0x0000000707f00000|
| 128|0x0000000708000000, 0x0000000708000000, 0x0000000708100000|  0%| F|  |TS  0|AC  0|TAMS 0x0000000708000000, 0x0000000708000000|
| 129|0x0000000708100000, 0x0000000708100000, 0x0000000708200000|  0%| F|  |TS  0|AC  0|TAMS 0x0000000708100000, 0x0000000708100000|
| 130|0x0000000708200000, 0x0000000708200000, 0x0000000708300000|  0%| F|  |TS  0|AC  0|TAMS 0x0000000708200000, 0x0000000708200000|
| 131|0x0000000708300000, 0x0000000708300000, 0x0000000708400000|  0%| F|  |TS  0|AC  0|TAMS 0x0000000708300000, 0x0000000708300000|
| 132|0x0000000708400000, 0x0000000708400000, 0x0000000708500000|  0%| F|  |TS  0|AC  0|TAMS 0x0000000708400000, 0x0000000708400000|
| 133|0x0000000708500000, 0x0000000708500000, 0x0000000708600000|  0%| F|  |TS  0|AC  0|TAMS 0x0000000708500000, 0x0000000708500000|
| 134|0x0000000708600000, 0x0000000708600000, 0x0000000708700000|  0%| F|  |TS  0|AC  0|TAMS 0x0000000708600000, 0x0000000708600000|
| 135|0x0000000708700000, 0x0000000708700000, 0x0000000708800000|  0%| F|  |TS  0|AC  0|TAMS 0x0000000708700000, 0x0000000708700000|
| 136|0x0000000708800000, 0x0000000708800000, 0x0000000708900000|  0%| F|  |TS  0|AC  0|TAMS 0x0000000708800000, 0x0000000708800000|
| 137|0x0000000708900000, 0x0000000708900000, 0x0000000708a00000|  0%| F|  |TS  0|AC  0|TAMS 0x0000000708900000, 0x0000000708900000|
| 138|0x0000000708a00000, 0x0000000708a00000, 0x0000000708b00000|  0%| F|  |TS  0|AC  0|TAMS 0x0000000708a00000, 0x0000000708a00000|
| 139|0x0000000708b00000, 0x0000000708b00000, 0x0000000708c00000|  0%| F|  |TS  0|AC  0|TAMS 0x0000000708b00000, 0x0000000708b00000|
| 140|0x0000000708c00000, 0x0000000708c00000, 0x0000000708d00000|  0%| F|  |TS  0|AC  0|TAMS 0x0000000708c00000, 0x0000000708c00000|
| 141|0x0000000708d00000, 0x0000000708d00000, 0x0000000708e00000|  0%| F|  |TS  0|AC  0|TAMS 0x0000000708d00000, 0x0000000708d00000|
| 142|0x0000000708e00000, 0x0000000708e00000, 0x0000000708f00000|  0%| F|  |TS  0|AC  0|TAMS 0x0000000708e00000, 0x0000000708e00000|
| 143|0x0000000708f00000, 0x0000000708f00000, 0x0000000709000000|  0%| F|  |TS  0|AC  0|TAMS 0x0000000708f00000, 0x0000000708f00000|
| 144|0x0000000709000000, 0x0000000709000000, 0x0000000709100000|  0%| F|  |TS  0|AC  0|TAMS 0x0000000709000000, 0x0000000709000000|
| 145|0x0000000709100000, 0x0000000709100000, 0x0000000709200000|  0%| F|  |TS  0|AC  0|TAMS 0x0000000709100000, 0x0000000709100000|
| 146|0x0000000709200000, 0x0000000709200000, 0x0000000709300000|  0%| F|  |TS  0|AC  0|TAMS 0x0000000709200000, 0x0000000709200000|
| 147|0x0000000709300000, 0x0000000709300000, 0x0000000709400000|  0%| F|  |TS  0|AC  0|TAMS 0x0000000709300000, 0x0000000709300000|
| 148|0x0000000709400000, 0x0000000709400000, 0x0000000709500000|  0%| F|  |TS  0|AC  0|TAMS 0x0000000709400000, 0x0000000709400000|
| 149|0x0000000709500000, 0x0000000709500000, 0x0000000709600000|  0%| F|  |TS  0|AC  0|TAMS 0x0000000709500000, 0x0000000709500000|
| 150|0x0000000709600000, 0x0000000709600000, 0x0000000709700000|  0%| F|  |TS  0|AC  0|TAMS 0x0000000709600000, 0x0000000709600000|
| 151|0x0000000709700000, 0x0000000709700000, 0x0000000709800000|  0%| F|  |TS  0|AC  0|TAMS 0x0000000709700000, 0x0000000709700000|
| 152|0x0000000709800000, 0x0000000709800000, 0x0000000709900000|  0%| F|  |TS  0|AC  0|TAMS 0x0000000709800000, 0x0000000709800000|
| 153|0x0000000709900000, 0x0000000709900000, 0x0000000709a00000|  0%| F|  |TS  0|AC  0|TAMS 0x0000000709900000, 0x0000000709900000|
| 154|0x0000000709a00000, 0x0000000709a00000, 0x0000000709b00000|  0%| F|  |TS  0|AC  0|TAMS 0x0000000709a00000, 0x0000000709a00000|
| 155|0x0000000709b00000, 0x0000000709b00000, 0x0000000709c00000|  0%| F|  |TS  0|AC  0|TAMS 0x0000000709b00000, 0x0000000709b00000|
| 156|0x0000000709c00000, 0x0000000709c00000, 0x0000000709d00000|  0%| F|  |TS  0|AC  0|TAMS 0x0000000709c00000, 0x0000000709c00000|
| 157|0x0000000709d00000, 0x0000000709d00000, 0x0000000709e00000|  0%| F|  |TS  0|AC  0|TAMS 0x0000000709d00000, 0x0000000709d00000|
| 158|0x0000000709e00000, 0x0000000709e00000, 0x0000000709f00000|  0%| F|  |TS  0|AC  0|TAMS 0x0000000709e00000, 0x0000000709e00000|
| 159|0x0000000709f00000, 0x0000000709f00000, 0x000000070a000000|  0%| F|  |TS  0|AC  0|TAMS 0x0000000709f00000, 0x0000000709f00000|
| 160|0x000000070a000000, 0x000000070a000000, 0x000000070a100000|  0%| F|  |TS  0|AC  0|TAMS 0x000000070a000000, 0x000000070a000000|
| 161|0x000000070a100000, 0x000000070a100000, 0x000000070a200000|  0%| F|  |TS  0|AC  0|TAMS 0x000000070a100000, 0x000000070a100000|
| 162|0x000000070a200000, 0x000000070a200000, 0x000000070a300000|  0%| F|  |TS  0|AC  0|TAMS 0x000000070a200000, 0x000000070a200000|
| 163|0x000000070a300000, 0x000000070a300000, 0x000000070a400000|  0%| F|  |TS  0|AC  0|TAMS 0x000000070a300000, 0x000000070a300000|
| 164|0x000000070a400000, 0x000000070a400000, 0x000000070a500000|  0%| F|  |TS  0|AC  0|TAMS 0x000000070a400000, 0x000000070a400000|
| 165|0x000000070a500000, 0x000000070a500000, 0x000000070a600000|  0%| F|  |TS  0|AC  0|TAMS 0x000000070a500000, 0x000000070a500000|
| 166|0x000000070a600000, 0x000000070a600000, 0x000000070a700000|  0%| F|  |TS  0|AC  0|TAMS 0x000000070a600000, 0x000000070a600000|
| 167|0x000000070a700000, 0x000000070a700000, 0x000000070a800000|  0%| F|  |TS  0|AC  0|TAMS 0x000000070a700000, 0x000000070a700000|
| 168|0x000000070a800000, 0x000000070a800000, 0x000000070a900000|  0%| F|  |TS  0|AC  0|TAMS 0x000000070a800000, 0x000000070a800000|
| 169|0x000000070a900000, 0x000000070a900000, 0x000000070aa00000|  0%| F|  |TS  0|AC  0|TAMS 0x000000070a900000, 0x000000070a900000|
| 170|0x000000070aa00000, 0x000000070aa00000, 0x000000070ab00000|  0%| F|  |TS  0|AC  0|TAMS 0x000000070aa00000, 0x000000070aa00000|
| 171|0x000000070ab00000, 0x000000070ab00000, 0x000000070ac00000|  0%| F|  |TS  0|AC  0|TAMS 0x000000070ab00000, 0x000000070ab00000|
| 172|0x000000070ac00000, 0x000000070ac00000, 0x000000070ad00000|  0%| F|  |TS  0|AC  0|TAMS 0x000000070ac00000, 0x000000070ac00000|
| 173|0x000000070ad00000, 0x000000070ad00000, 0x000000070ae00000|  0%| F|  |TS  0|AC  0|TAMS 0x000000070ad00000, 0x000000070ad00000|
| 174|0x000000070ae00000, 0x000000070ae00000, 0x000000070af00000|  0%| F|  |TS  0|AC  0|TAMS 0x000000070ae00000, 0x000000070ae00000|
| 175|0x000000070af00000, 0x000000070af00000, 0x000000070b000000|  0%| F|  |TS  0|AC  0|TAMS 0x000000070af00000, 0x000000070af00000|
| 176|0x000000070b000000, 0x000000070b000000, 0x000000070b100000|  0%| F|  |TS  0|AC  0|TAMS 0x000000070b000000, 0x000000070b000000|
| 177|0x000000070b100000, 0x000000070b100000, 0x000000070b200000|  0%| F|  |TS  0|AC  0|TAMS 0x000000070b100000, 0x000000070b100000|
| 178|0x000000070b200000, 0x000000070b200000, 0x000000070b300000|  0%| F|  |TS  0|AC  0|TAMS 0x000000070b200000, 0x000000070b200000|
| 179|0x000000070b300000, 0x000000070b300000, 0x000000070b400000|  0%| F|  |TS  0|AC  0|TAMS 0x000000070b300000, 0x000000070b300000|
| 180|0x000000070b400000, 0x000000070b400000, 0x000000070b500000|  0%| F|  |TS  0|AC  0|TAMS 0x000000070b400000, 0x000000070b400000|
| 181|0x000000070b500000, 0x000000070b500000, 0x000000070b600000|  0%| F|  |TS  0|AC  0|TAMS 0x000000070b500000, 0x000000070b500000|
| 182|0x000000070b600000, 0x000000070b600000, 0x000000070b700000|  0%| F|  |TS  0|AC  0|TAMS 0x000000070b600000, 0x000000070b600000|
| 183|0x000000070b700000, 0x000000070b700000, 0x000000070b800000|  0%| F|  |TS  0|AC  0|TAMS 0x000000070b700000, 0x000000070b700000|
| 184|0x000000070b800000, 0x000000070b800000, 0x000000070b900000|  0%| F|  |TS  0|AC  0|TAMS 0x000000070b800000, 0x000000070b800000|
| 185|0x000000070b900000, 0x000000070b900000, 0x000000070ba00000|  0%| F|  |TS  0|AC  0|TAMS 0x000000070b900000, 0x000000070b900000|
| 186|0x000000070ba00000, 0x000000070ba00000, 0x000000070bb00000|  0%| F|  |TS  0|AC  0|TAMS 0x000000070ba00000, 0x000000070ba00000|
| 187|0x000000070bb00000, 0x000000070bb00000, 0x000000070bc00000|  0%| F|  |TS  0|AC  0|TAMS 0x000000070bb00000, 0x000000070bb00000|
| 188|0x000000070bc00000, 0x000000070bc00000, 0x000000070bd00000|  0%| F|  |TS  0|AC  0|TAMS 0x000000070bc00000, 0x000000070bc00000|
| 189|0x000000070bd00000, 0x000000070bd00000, 0x000000070be00000|  0%| F|  |TS  0|AC  0|TAMS 0x000000070bd00000, 0x000000070bd00000|
| 190|0x000000070be00000, 0x000000070be00000, 0x000000070bf00000|  0%| F|  |TS  0|AC  0|TAMS 0x000000070be00000, 0x000000070be00000|
| 191|0x000000070bf00000, 0x000000070bf00000, 0x000000070c000000|  0%| F|  |TS  0|AC  0|TAMS 0x000000070bf00000, 0x000000070bf00000|
| 192|0x000000070c000000, 0x000000070c000000, 0x000000070c100000|  0%| F|  |TS  0|AC  0|TAMS 0x000000070c000000, 0x000000070c000000|
| 193|0x000000070c100000, 0x000000070c100000, 0x000000070c200000|  0%| F|  |TS  0|AC  0|TAMS 0x000000070c100000, 0x000000070c100000|
| 194|0x000000070c200000, 0x000000070c200000, 0x000000070c300000|  0%| F|  |TS  0|AC  0|TAMS 0x000000070c200000, 0x000000070c200000|
| 195|0x000000070c300000, 0x000000070c300000, 0x000000070c400000|  0%| F|  |TS  0|AC  0|TAMS 0x000000070c300000, 0x000000070c300000|
| 196|0x000000070c400000, 0x000000070c400000, 0x000000070c500000|  0%| F|  |TS  0|AC  0|TAMS 0x000000070c400000, 0x000000070c400000|
| 197|0x000000070c500000, 0x000000070c500000, 0x000000070c600000|  0%| F|  |TS  0|AC  0|TAMS 0x000000070c500000, 0x000000070c500000|
| 198|0x000000070c600000, 0x000000070c600000, 0x000000070c700000|  0%| F|  |TS  0|AC  0|TAMS 0x000000070c600000, 0x000000070c600000|
| 199|0x000000070c700000, 0x000000070c700000, 0x000000070c800000|  0%| F|  |TS  0|AC  0|TAMS 0x000000070c700000, 0x000000070c700000|
| 200|0x000000070c800000, 0x000000070c800000, 0x000000070c900000|  0%| F|  |TS  0|AC  0|TAMS 0x000000070c800000, 0x000000070c800000|
| 201|0x000000070c900000, 0x000000070c900000, 0x000000070ca00000|  0%| F|  |TS  0|AC  0|TAMS 0x000000070c900000, 0x000000070c900000|
| 202|0x000000070ca00000, 0x000000070ca00000, 0x000000070cb00000|  0%| F|  |TS  0|AC  0|TAMS 0x000000070ca00000, 0x000000070ca00000|
| 203|0x000000070cb00000, 0x000000070cb00000, 0x000000070cc00000|  0%| F|  |TS  0|AC  0|TAMS 0x000000070cb00000, 0x000000070cb00000|
| 204|0x000000070cc00000, 0x000000070cc00000, 0x000000070cd00000|  0%| F|  |TS  0|AC  0|TAMS 0x000000070cc00000, 0x000000070cc00000|
| 205|0x000000070cd00000, 0x000000070cd00000, 0x000000070ce00000|  0%| F|  |TS  0|AC  0|TAMS 0x000000070cd00000, 0x000000070cd00000|
| 206|0x000000070ce00000, 0x000000070ce00000, 0x000000070cf00000|  0%| F|  |TS  0|AC  0|TAMS 0x000000070ce00000, 0x000000070ce00000|
| 207|0x000000070cf00000, 0x000000070cf00000, 0x000000070d000000|  0%| F|  |TS  0|AC  0|TAMS 0x000000070cf00000, 0x000000070cf00000|
| 208|0x000000070d000000, 0x000000070d000000, 0x000000070d100000|  0%| F|  |TS  0|AC  0|TAMS 0x000000070d000000, 0x000000070d000000|
| 209|0x000000070d100000, 0x000000070d100000, 0x000000070d200000|  0%| F|  |TS  0|AC  0|TAMS 0x000000070d100000, 0x000000070d100000|
| 210|0x000000070d200000, 0x000000070d200000, 0x000000070d300000|  0%| F|  |TS  0|AC  0|TAMS 0x000000070d200000, 0x000000070d200000|
| 211|0x000000070d300000, 0x000000070d300000, 0x000000070d400000|  0%| F|  |TS  0|AC  0|TAMS 0x000000070d300000, 0x000000070d300000|
| 212|0x000000070d400000, 0x000000070d400000, 0x000000070d500000|  0%| F|  |TS  0|AC  0|TAMS 0x000000070d400000, 0x000000070d400000|
| 213|0x000000070d500000, 0x000000070d500000, 0x000000070d600000|  0%| F|  |TS  0|AC  0|TAMS 0x000000070d500000, 0x000000070d500000|
| 214|0x000000070d600000, 0x000000070d600000, 0x000000070d700000|  0%| F|  |TS 27|AC  0|TAMS 0x000000070d600000, 0x000000070d600000|
| 215|0x000000070d700000, 0x000000070d7cc2c8, 0x000000070d800000| 79%| S|CS|TS 27|AC  0|TAMS 0x000000070d700000, 0x000000070d700000|
| 216|0x000000070d800000, 0x000000070d800000, 0x000000070d900000|  0%| F|  |TS 27|AC  0|TAMS 0x000000070d800000, 0x000000070d800000|
| 217|0x000000070d900000, 0x000000070d900000, 0x000000070da00000|  0%| F|  |TS 27|AC  0|TAMS 0x000000070d900000, 0x000000070d900000|
| 218|0x000000070da00000, 0x000000070da00000, 0x000000070db00000|  0%| F|  |TS 27|AC  0|TAMS 0x000000070da00000, 0x000000070da00000|
| 219|0x000000070db00000, 0x000000070db00000, 0x000000070dc00000|  0%| F|  |TS 27|AC  0|TAMS 0x000000070db00000, 0x000000070db00000|
| 220|0x000000070dc00000, 0x000000070dc00000, 0x000000070dd00000|  0%| F|  |TS 27|AC  0|TAMS 0x000000070dc00000, 0x000000070dc00000|
| 221|0x000000070dd00000, 0x000000070dd00000, 0x000000070de00000|  0%| F|  |TS 27|AC  0|TAMS 0x000000070dd00000, 0x000000070dd00000|
| 222|0x000000070de00000, 0x000000070de00000, 0x000000070df00000|  0%| F|  |TS 27|AC  0|TAMS 0x000000070de00000, 0x000000070de00000|
| 223|0x000000070df00000, 0x000000070df00000, 0x000000070e000000|  0%| F|  |TS 27|AC  0|TAMS 0x000000070df00000, 0x000000070df00000|
| 224|0x000000070e000000, 0x000000070e000000, 0x000000070e100000|  0%| F|  |TS 27|AC  0|TAMS 0x000000070e000000, 0x000000070e000000|
| 225|0x000000070e100000, 0x000000070e100000, 0x000000070e200000|  0%| F|  |TS 27|AC  0|TAMS 0x000000070e100000, 0x000000070e100000|
| 226|0x000000070e200000, 0x000000070e200000, 0x000000070e300000|  0%| F|  |TS 27|AC  0|TAMS 0x000000070e200000, 0x000000070e200000|
| 227|0x000000070e300000, 0x000000070e300000, 0x000000070e400000|  0%| F|  |TS 27|AC  0|TAMS 0x000000070e300000, 0x000000070e300000|
| 228|0x000000070e400000, 0x000000070e400000, 0x000000070e500000|  0%| F|  |TS 27|AC  0|TAMS 0x000000070e400000, 0x000000070e400000|
| 229|0x000000070e500000, 0x000000070e500000, 0x000000070e600000|  0%| F|  |TS 27|AC  0|TAMS 0x000000070e500000, 0x000000070e500000|
| 230|0x000000070e600000, 0x000000070e600000, 0x000000070e700000|  0%| F|  |TS 27|AC  0|TAMS 0x000000070e600000, 0x000000070e600000|
| 231|0x000000070e700000, 0x000000070e700000, 0x000000070e800000|  0%| F|  |TS 27|AC  0|TAMS 0x000000070e700000, 0x000000070e700000|
| 232|0x000000070e800000, 0x000000070e800000, 0x000000070e900000|  0%| F|  |TS 27|AC  0|TAMS 0x000000070e800000, 0x000000070e800000|
| 233|0x000000070e900000, 0x000000070e900000, 0x000000070ea00000|  0%| F|  |TS 27|AC  0|TAMS 0x000000070e900000, 0x000000070e900000|
| 234|0x000000070ea00000, 0x000000070ea00000, 0x000000070eb00000|  0%| F|  |TS 27|AC  0|TAMS 0x000000070ea00000, 0x000000070ea00000|
| 235|0x000000070eb00000, 0x000000070eb00000, 0x000000070ec00000|  0%| F|  |TS 27|AC  0|TAMS 0x000000070eb00000, 0x000000070eb00000|
| 236|0x000000070ec00000, 0x000000070ec00000, 0x000000070ed00000|  0%| F|  |TS 27|AC  0|TAMS 0x000000070ec00000, 0x000000070ec00000|
| 237|0x000000070ed00000, 0x000000070ed00000, 0x000000070ee00000|  0%| F|  |TS 27|AC  0|TAMS 0x000000070ed00000, 0x000000070ed00000|
| 238|0x000000070ee00000, 0x000000070ee00000, 0x000000070ef00000|  0%| F|  |TS 27|AC  0|TAMS 0x000000070ee00000, 0x000000070ee00000|
| 239|0x000000070ef00000, 0x000000070ef00000, 0x000000070f000000|  0%| F|  |TS 27|AC  0|TAMS 0x000000070ef00000, 0x000000070ef00000|
| 240|0x000000070f000000, 0x000000070f000000, 0x000000070f100000|  0%| F|  |TS 27|AC  0|TAMS 0x000000070f000000, 0x000000070f000000|
| 241|0x000000070f100000, 0x000000070f100000, 0x000000070f200000|  0%| F|  |TS 27|AC  0|TAMS 0x000000070f100000, 0x000000070f100000|
| 242|0x000000070f200000, 0x000000070f220d48, 0x000000070f300000| 12%| E|  |TS 27|AC  0|TAMS 0x000000070f200000, 0x000000070f200000|
| 243|0x000000070f300000, 0x000000070f400000, 0x000000070f400000|100%| E|CS|TS 27|AC  0|TAMS 0x000000070f300000, 0x000000070f300000|
| 244|0x000000070f400000, 0x000000070f500000, 0x000000070f500000|100%| E|CS|TS 27|AC  0|TAMS 0x000000070f400000, 0x000000070f400000|
| 245|0x000000070f500000, 0x000000070f600000, 0x000000070f600000|100%| E|CS|TS 27|AC  0|TAMS 0x000000070f500000, 0x000000070f500000|
| 246|0x000000070f600000, 0x000000070f700000, 0x000000070f700000|100%| E|CS|TS 27|AC  0|TAMS 0x000000070f600000, 0x000000070f600000|
| 247|0x000000070f700000, 0x000000070f800000, 0x000000070f800000|100%| E|CS|TS 27|AC  0|TAMS 0x000000070f700000, 0x000000070f700000|
| 248|0x000000070f800000, 0x000000070f900000, 0x000000070f900000|100%| E|CS|TS 27|AC  0|TAMS 0x000000070f800000, 0x000000070f800000|
| 249|0x000000070f900000, 0x000000070fa00000, 0x000000070fa00000|100%| E|CS|TS 27|AC  0|TAMS 0x000000070f900000, 0x000000070f900000|
| 250|0x000000070fa00000, 0x000000070fb00000, 0x000000070fb00000|100%| E|CS|TS 27|AC  0|TAMS 0x000000070fa00000, 0x000000070fa00000|
| 251|0x000000070fb00000, 0x000000070fc00000, 0x000000070fc00000|100%| E|CS|TS 27|AC  0|TAMS 0x000000070fb00000, 0x000000070fb00000|
| 252|0x000000070fc00000, 0x000000070fd00000, 0x000000070fd00000|100%| E|CS|TS 27|AC  0|TAMS 0x000000070fc00000, 0x000000070fc00000|
| 253|0x000000070fd00000, 0x000000070fe00000, 0x000000070fe00000|100%| E|CS|TS 27|AC  0|TAMS 0x000000070fd00000, 0x000000070fd00000|
| 254|0x000000070fe00000, 0x000000070ff00000, 0x000000070ff00000|100%| E|CS|TS 27|AC  0|TAMS 0x000000070fe00000, 0x000000070fe00000|
| 255|0x000000070ff00000, 0x0000000710000000, 0x0000000710000000|100%| E|CS|TS 27|AC  0|TAMS 0x000000070ff00000, 0x000000070ff00000|
| 256|0x0000000710000000, 0x0000000710100000, 0x0000000710100000|100%| E|CS|TS 27|AC  0|TAMS 0x0000000710000000, 0x0000000710000000|
| 257|0x0000000710100000, 0x0000000710200000, 0x0000000710200000|100%| E|CS|TS 27|AC  0|TAMS 0x0000000710100000, 0x0000000710100000|
| 258|0x0000000710200000, 0x0000000710300000, 0x0000000710300000|100%| E|CS|TS 27|AC  0|TAMS 0x0000000710200000, 0x0000000710200000|
| 259|0x0000000710300000, 0x0000000710400000, 0x0000000710400000|100%| E|CS|TS 27|AC  0|TAMS 0x0000000710300000, 0x0000000710300000|
| 260|0x0000000710400000, 0x0000000710500000, 0x0000000710500000|100%| E|CS|TS 27|AC  0|TAMS 0x0000000710400000, 0x0000000710400000|
| 261|0x0000000710500000, 0x0000000710600000, 0x0000000710600000|100%| E|CS|TS 27|AC  0|TAMS 0x0000000710500000, 0x0000000710500000|
| 262|0x0000000710600000, 0x0000000710700000, 0x0000000710700000|100%| E|CS|TS 27|AC  0|TAMS 0x0000000710600000, 0x0000000710600000|
| 263|0x0000000710700000, 0x0000000710800000, 0x0000000710800000|100%| E|CS|TS 27|AC  0|TAMS 0x0000000710700000, 0x0000000710700000|
| 264|0x0000000710800000, 0x0000000710900000, 0x0000000710900000|100%| E|CS|TS 27|AC  0|TAMS 0x0000000710800000, 0x0000000710800000|
| 265|0x0000000710900000, 0x0000000710a00000, 0x0000000710a00000|100%| E|CS|TS 27|AC  0|TAMS 0x0000000710900000, 0x0000000710900000|
| 266|0x0000000710a00000, 0x0000000710b00000, 0x0000000710b00000|100%| E|CS|TS 27|AC  0|TAMS 0x0000000710a00000, 0x0000000710a00000|
| 267|0x0000000710b00000, 0x0000000710c00000, 0x0000000710c00000|100%| E|CS|TS 27|AC  0|TAMS 0x0000000710b00000, 0x0000000710b00000|
| 268|0x0000000710c00000, 0x0000000710d00000, 0x0000000710d00000|100%| E|CS|TS 27|AC  0|TAMS 0x0000000710c00000, 0x0000000710c00000|
| 269|0x0000000710d00000, 0x0000000710e00000, 0x0000000710e00000|100%| E|CS|TS 27|AC  0|TAMS 0x0000000710d00000, 0x0000000710d00000|
| 270|0x0000000710e00000, 0x0000000710f00000, 0x0000000710f00000|100%| E|CS|TS 27|AC  0|TAMS 0x0000000710e00000, 0x0000000710e00000|
| 271|0x0000000710f00000, 0x0000000711000000, 0x0000000711000000|100%| E|CS|TS 27|AC  0|TAMS 0x0000000710f00000, 0x0000000710f00000|
| 272|0x0000000711000000, 0x0000000711100000, 0x0000000711100000|100%| E|CS|TS 27|AC  0|TAMS 0x0000000711000000, 0x0000000711000000|
| 273|0x0000000711100000, 0x0000000711200000, 0x0000000711200000|100%| E|CS|TS 27|AC  0|TAMS 0x0000000711100000, 0x0000000711100000|
| 274|0x0000000711200000, 0x0000000711300000, 0x0000000711300000|100%| E|CS|TS 27|AC  0|TAMS 0x0000000711200000, 0x0000000711200000|

Card table byte_map: [0x000002337f100000,0x000002337f700000] byte_map_base: 0x000002337b900000

Marking Bits (Prev, Next): (CMBitMap*) 0x000002337c7a86e8, (CMBitMap*) 0x000002337c7a86b0
 Prev Bits: [0x0000023319b10000, 0x000002331cb10000)
 Next Bits: [0x0000023316b10000, 0x0000023319b10000)

Polling page: 0x00000233757a0000

CodeHeap 'non-profiled nmethods': size=120000Kb used=33431Kb max_used=33479Kb free=86568Kb
 bounds [0x000002330f5e0000, 0x00000233116a0000, 0x0000023316b10000]
CodeHeap 'profiled nmethods': size=120000Kb used=45363Kb max_used=46027Kb free=74636Kb
 bounds [0x00000233080b0000, 0x000002330aef0000, 0x000002330f5e0000]
CodeHeap 'non-nmethods': size=5760Kb used=1874Kb max_used=1967Kb free=3885Kb
 bounds [0x0000023307b10000, 0x0000023307d80000, 0x00000233080b0000]
 total_blobs=46145 nmethods=21590 adapters=1250
 compilation: enabled

Compilation events (10 events):
Event: 14300.083 Thread 0x000002337cdfa000 30287       3       com.jidesoft.docking.DefaultDockingManager::getAutoHideContainer (123 bytes)
Event: 14300.083 Thread 0x000002337cdfa000 nmethod 30287 0x0000023308cfaf90 code [0x0000023308cfb160, 0x0000023308cfb5d0]
Event: 14300.152 Thread 0x000002337cdfa000 30288       3       javax.swing.JTextField::getColumnWidth (31 bytes)
Event: 14300.153 Thread 0x000002337cdfa000 nmethod 30288 0x0000023308fa7410 code [0x0000023308fa7660, 0x0000023308fa7e00]
Event: 14301.169 Thread 0x000002337cdfa000 30289       3       javax.swing.text.html.HTMLDocument$HTMLReader$AnchorAction::start (15 bytes)
Event: 14301.170 Thread 0x000002337cdfa000 nmethod 30289 0x0000023308433110 code [0x00000233084332c0, 0x0000023308433450]
Event: 14301.170 Thread 0x000002337cdfa000 30290       3       javax.swing.text.html.HTMLDocument$HTMLReader$AnchorAction::end (35 bytes)
Event: 14301.170 Thread 0x000002337cdfa000 nmethod 30290 0x0000023308e77910 code [0x0000023308e77ae0, 0x0000023308e77e80]
Event: 14301.194 Thread 0x000002337cdf7800 30291       4       javax.swing.text.html.HTMLDocument$HTMLReader::canInsertTag (144 bytes)
Event: 14301.195 Thread 0x000002337cdf7800 nmethod 30291 0x000002331153bb10 code [0x000002331153bca0, 0x000002331153bd38]

GC Heap History (10 events):
Event: 14299.072 GC heap before
{Heap before GC invocations=3026 (full 1763):
 garbage-first heap   total 281600K, used 137027K [0x0000000700000000, 0x0000000700100898, 0x00000007c0000000)
  region size 1024K, 18 young (18432K), 1 survivors (1024K)
 Metaspace       used 91417K, capacity 93307K, committed 101196K, reserved 1136640K
  class space    used 11828K, capacity 12242K, committed 13952K, reserved 1048576K
}
Event: 14299.074 GC heap after
{Heap after GC invocations=3027 (full 1763):
 garbage-first heap   total 281600K, used 120718K [0x0000000700000000, 0x0000000700100898, 0x00000007c0000000)
  region size 1024K, 1 young (1024K), 1 survivors (1024K)
 Metaspace       used 91417K, capacity 93307K, committed 101196K, reserved 1136640K
  class space    used 11828K, capacity 12242K, committed 13952K, reserved 1048576K
}
Event: 14301.029 GC heap before
{Heap before GC invocations=3027 (full 1763):
 garbage-first heap   total 281600K, used 183182K [0x0000000700000000, 0x0000000700100898, 0x00000007c0000000)
  region size 1024K, 60 young (61440K), 1 survivors (1024K)
 Metaspace       used 91417K, capacity 93307K, committed 101196K, reserved 1136640K
  class space    used 11828K, capacity 12242K, committed 13952K, reserved 1048576K
}
Event: 14301.032 GC heap after
{Heap after GC invocations=3028 (full 1763):
 garbage-first heap   total 281600K, used 122961K [0x0000000700000000, 0x0000000700100898, 0x00000007c0000000)
  region size 1024K, 1 young (1024K), 1 survivors (1024K)
 Metaspace       used 91417K, capacity 93307K, committed 101196K, reserved 1136640K
  class space    used 11828K, capacity 12242K, committed 13952K, reserved 1048576K
}
Event: 14301.084 GC heap before
{Heap before GC invocations=3028 (full 1763):
 garbage-first heap   total 281600K, used 183377K [0x0000000700000000, 0x0000000700100898, 0x00000007c0000000)
  region size 1024K, 60 young (61440K), 1 survivors (1024K)
 Metaspace       used 91417K, capacity 93307K, committed 101196K, reserved 1136640K
  class space    used 11828K, capacity 12242K, committed 13952K, reserved 1048576K
}
Event: 14301.086 GC heap after
{Heap after GC invocations=3029 (full 1763):
 garbage-first heap   total 281600K, used 119823K [0x0000000700000000, 0x0000000700100898, 0x00000007c0000000)
  region size 1024K, 1 young (1024K), 1 survivors (1024K)
 Metaspace       used 91417K, capacity 93307K, committed 101196K, reserved 1136640K
  class space    used 11828K, capacity 12242K, committed 13952K, reserved 1048576K
}
Event: 14301.129 GC heap before
{Heap before GC invocations=3029 (full 1763):
 garbage-first heap   total 281600K, used 180239K [0x0000000700000000, 0x0000000700100898, 0x00000007c0000000)
  region size 1024K, 60 young (61440K), 1 survivors (1024K)
 Metaspace       used 91417K, capacity 93307K, committed 101196K, reserved 1136640K
  class space    used 11828K, capacity 12242K, committed 13952K, reserved 1048576K
}
Event: 14301.131 GC heap after
{Heap after GC invocations=3030 (full 1763):
 garbage-first heap   total 281600K, used 119854K [0x0000000700000000, 0x0000000700100898, 0x00000007c0000000)
  region size 1024K, 1 young (1024K), 1 survivors (1024K)
 Metaspace       used 91417K, capacity 93307K, committed 101196K, reserved 1136640K
  class space    used 11828K, capacity 12242K, committed 13952K, reserved 1048576K
}
Event: 14301.176 GC heap before
{Heap before GC invocations=3030 (full 1763):
 garbage-first heap   total 281600K, used 180270K [0x0000000700000000, 0x0000000700100898, 0x00000007c0000000)
  region size 1024K, 60 young (61440K), 1 survivors (1024K)
 Metaspace       used 91418K, capacity 93307K, committed 101196K, reserved 1136640K
  class space    used 11828K, capacity 12242K, committed 13952K, reserved 1048576K
}
Event: 14301.179 GC heap after
{Heap after GC invocations=3031 (full 1763):
 garbage-first heap   total 281600K, used 119855K [0x0000000700000000, 0x0000000700100898, 0x00000007c0000000)
  region size 1024K, 1 young (1024K), 1 survivors (1024K)
 Metaspace       used 91418K, capacity 93307K, committed 101196K, reserved 1136640K
  class space    used 11828K, capacity 12242K, committed 13952K, reserved 1048576K
}

Deoptimization events (10 events):
Event: 14277.319 Thread 0x000002332015c000 Uncommon trap: reason=class_check action=maybe_recompile pc=0x0000023310a33e0c method=com.jidesoft.swing.JideSplitPane.removeExtraDividers()Z @ 41 c2
Event: 14286.598 Thread 0x000002332015c000 Uncommon trap: reason=unstable_if action=reinterpret pc=0x00000233102b7024 method=java.awt.Container.clearCurrentFocusCycleRootOnHide()V @ 19 c2
Event: 14286.826 Thread 0x000002332015c000 Uncommon trap: reason=unstable_if action=reinterpret pc=0x000002330fe832e8 method=java.lang.Math.abs(J)J @ 3 c2
Event: 14288.345 Thread 0x000002332015c000 Uncommon trap: reason=unstable_if action=reinterpret pc=0x000002330f982be0 method=de.javasoft.plaf.synthetica.StyleFactory$ComponentPropertyStore.storeComponentProperty(Ljava/awt/Component;Ljava/lang/String;)V @ 56 c2
Event: 14288.355 Thread 0x000002332015c000 Uncommon trap: reason=unstable_if action=reinterpret pc=0x00000233112cfac0 method=de.javasoft.plaf.synthetica.painter.MenuPainter.paintMenuBackground(Ljavax/swing/plaf/synth/SynthContext;Ljava/awt/Graphics;IIII)V @ 494 c2
Event: 14288.355 Thread 0x000002332015c000 Uncommon trap: reason=unstable_if action=reinterpret pc=0x00000233112c4340 method=de.javasoft.plaf.synthetica.styles.MenuStyle.getColor(Ljavax/swing/plaf/synth/SynthContext;Ljavax/swing/plaf/synth/ColorType;)Ljava/awt/Color; @ 209 c2
Event: 14295.593 Thread 0x000002332015c000 Uncommon trap: reason=unstable_if action=reinterpret pc=0x0000023310161e90 method=com.jidesoft.swing.JideBoxLayout.layoutContainer(Ljava/awt/Container;)V @ 60 c2
Event: 14295.906 Thread 0x000002332015c000 Uncommon trap: reason=unstable_if action=reinterpret pc=0x000002330fa15114 method=javax.swing.text.FlowView$FlowStrategy.layoutRow(Ljavax/swing/text/FlowView;II)I @ 264 c2
Event: 14298.766 Thread 0x000002332015c000 Uncommon trap: reason=bimorphic_or_optimized_type_check action=maybe_recompile pc=0x000002331091e404 method=java.util.AbstractList.equals(Ljava/lang/Object;)Z @ 17 c2
Event: 14299.051 Thread 0x000002332015c000 Uncommon trap: reason=range_check action=make_not_entrant pc=0x0000023311668b20 method=ui.utils.lnf.HSyntheticaJideTabbedPaneUI$HTabSpaceAllocator.a([Lui/utils/lnf/HSyntheticaJideTabbedPaneUI$AbstractTab;II)V @ 6 c2

Classes redefined (0 events):
No events

Internal exceptions (10 events):
Event: 13793.882 Thread 0x000002332015c000 Exception <a 'de/concept/nlview/NlviewException'{0x000000070ff5d310}> (0x000000070ff5d310) thrown at [t:/workspace/hotspot/src/share/vm/prims/jni.cpp, line 604]
Event: 13793.884 Thread 0x000002332015c000 Exception <a 'de/concept/nlview/NlviewException'{0x000000070ffacc40}> (0x000000070ffacc40) thrown at [t:/workspace/hotspot/src/share/vm/prims/jni.cpp, line 604]
Event: 13793.884 Thread 0x000002332015c000 Exception <a 'de/concept/nlview/NlviewException'{0x000000070ffad4d0}> (0x000000070ffad4d0) thrown at [t:/workspace/hotspot/src/share/vm/prims/jni.cpp, line 604]
Event: 13793.884 Thread 0x000002332015c000 Exception <a 'de/concept/nlview/NlviewException'{0x000000070ffadd78}> (0x000000070ffadd78) thrown at [t:/workspace/hotspot/src/share/vm/prims/jni.cpp, line 604]
Event: 13793.884 Thread 0x000002332015c000 Exception <a 'de/concept/nlview/NlviewException'{0x000000070ffae308}> (0x000000070ffae308) thrown at [t:/workspace/hotspot/src/share/vm/prims/jni.cpp, line 604]
Event: 13793.884 Thread 0x000002332015c000 Exception <a 'de/concept/nlview/NlviewException'{0x000000070ffaeb98}> (0x000000070ffaeb98) thrown at [t:/workspace/hotspot/src/share/vm/prims/jni.cpp, line 604]
Event: 13793.884 Thread 0x000002332015c000 Exception <a 'de/concept/nlview/NlviewException'{0x000000070ffaf120}> (0x000000070ffaf120) thrown at [t:/workspace/hotspot/src/share/vm/prims/jni.cpp, line 604]
Event: 13793.884 Thread 0x000002332015c000 Exception <a 'de/concept/nlview/NlviewException'{0x000000070ffaf9d0}> (0x000000070ffaf9d0) thrown at [t:/workspace/hotspot/src/share/vm/prims/jni.cpp, line 604]
Event: 13793.884 Thread 0x000002332015c000 Exception <a 'de/concept/nlview/NlviewException'{0x000000070ffaff50}> (0x000000070ffaff50) thrown at [t:/workspace/hotspot/src/share/vm/prims/jni.cpp, line 604]
Event: 13793.884 Thread 0x000002332015c000 Exception <a 'de/concept/nlview/NlviewException'{0x000000070ffb0800}> (0x000000070ffb0800) thrown at [t:/workspace/hotspot/src/share/vm/prims/jni.cpp, line 604]

Events (10 events):
Event: 14299.351 Thread 0x0000023335337800 Thread added: 0x0000023335337800
Event: 14299.354 Thread 0x0000023335337800 Thread exited: 0x0000023335337800
Event: 14301.029 Executing VM operation: G1IncCollectionPause
Event: 14301.032 Executing VM operation: G1IncCollectionPause done
Event: 14301.083 Executing VM operation: G1IncCollectionPause
Event: 14301.086 Executing VM operation: G1IncCollectionPause done
Event: 14301.129 Executing VM operation: G1IncCollectionPause
Event: 14301.131 Executing VM operation: G1IncCollectionPause done
Event: 14301.176 Executing VM operation: G1IncCollectionPause
Event: 14301.179 Executing VM operation: G1IncCollectionPause done


Dynamic libraries:
0x00007ff624210000 - 0x00007ff624240000 	C:\Xilinx\Vivado\2019.1\bin\unwrapped\win64.o\vivado.exe
0x00007ffababb0000 - 0x00007ffabadc4000 	C:\WINDOWS\SYSTEM32\ntdll.dll
0x00007ffab9590000 - 0x00007ffab9652000 	C:\WINDOWS\System32\KERNEL32.DLL
0x00007ffab7fe0000 - 0x00007ffab837d000 	C:\WINDOWS\System32\KERNELBASE.dll
0x00007ffab8380000 - 0x00007ffab8491000 	C:\WINDOWS\System32\ucrtbase.dll
0x00007ffa91a80000 - 0x00007ffa91b0e000 	C:\WINDOWS\SYSTEM32\MSVCP140.dll
0x00007ffa91a40000 - 0x00007ffa91a5b000 	C:\WINDOWS\SYSTEM32\VCRUNTIME140.dll
0x00007ffaa47c0000 - 0x00007ffaa47d4000 	C:\Xilinx\Vivado\2019.1\lib\win64.o\libboost_signals.dll
0x00007ffa934f0000 - 0x00007ffa934fc000 	C:\WINDOWS\SYSTEM32\VCRUNTIME140_1.dll
0x00007ffa1d3c0000 - 0x00007ffa1e2a2000 	C:\Xilinx\Vivado\2019.1\lib\win64.o\librdi_common.dll
0x00007ffab9670000 - 0x00007ffab981a000 	C:\WINDOWS\System32\USER32.dll
0x00007ffab8540000 - 0x00007ffab8566000 	C:\WINDOWS\System32\win32u.dll
0x00007ffaba730000 - 0x00007ffaba759000 	C:\WINDOWS\System32\GDI32.dll
0x00007ffab8570000 - 0x00007ffab8682000 	C:\WINDOWS\System32\gdi32full.dll
0x00007ffa1fee0000 - 0x00007ffa2024e000 	C:\Xilinx\Vivado\2019.1\lib\win64.o\libCOIN-all.dll
0x00007ffaa31a0000 - 0x00007ffaa31b4000 	C:\Xilinx\Vivado\2019.1\lib\win64.o\libboost_date_time.dll
0x00007ffab84a0000 - 0x00007ffab853a000 	C:\WINDOWS\System32\msvcp_win.dll
0x00007ffabaac0000 - 0x00007ffabab6e000 	C:\WINDOWS\System32\ADVAPI32.dll
0x00007ffaba640000 - 0x00007ffaba6e7000 	C:\WINDOWS\System32\msvcrt.dll
0x00007ffaba080000 - 0x00007ffaba124000 	C:\WINDOWS\System32\sechost.dll
0x00007ffab8a20000 - 0x00007ffab8b35000 	C:\WINDOWS\System32\RPCRT4.dll
0x00007ffaa3170000 - 0x00007ffaa3196000 	C:\Xilinx\Vivado\2019.1\lib\win64.o\libboost_filesystem.dll
0x00007ffaa2d20000 - 0x00007ffaa2d9f000 	C:\Xilinx\Vivado\2019.1\lib\win64.o\libboost_program_options.dll
0x00007ffab8db0000 - 0x00007ffab9590000 	C:\WINDOWS\System32\SHELL32.dll
0x00007ffaa52e0000 - 0x00007ffaa52eb000 	C:\Xilinx\Vivado\2019.1\lib\win64.o\libboost_system.dll
0x00007ffa9fbd0000 - 0x00007ffa9fce4000 	C:\Xilinx\Vivado\2019.1\lib\win64.o\libboost_regex.dll
0x00007ffaa2eb0000 - 0x00007ffaa2ed1000 	C:\Xilinx\Vivado\2019.1\lib\win64.o\libboost_thread.dll
0x00007ffa8c7c0000 - 0x00007ffa8c842000 	C:\Xilinx\Vivado\2019.1\lib\win64.o\libhdlpsolve.dll
0x00007ffaa5260000 - 0x00007ffaa526f000 	C:\Xilinx\Vivado\2019.1\lib\win64.o\libboost_xilinx.dll
0x00007ffa8c640000 - 0x00007ffa8c6e5000 	C:\Xilinx\Vivado\2019.1\lib\win64.o\libhdxml.dll
0x00007ffaa2cf0000 - 0x00007ffaa2d1e000 	C:\Xilinx\Vivado\2019.1\lib\win64.o\libisl_sysinfo.dll
0x00007ffaba860000 - 0x00007ffaba8d1000 	C:\WINDOWS\System32\WS2_32.dll
0x00007ffaa1a50000 - 0x00007ffaa1ab5000 	C:\Xilinx\Vivado\2019.1\lib\win64.o\liblmx6.0.dll
0x00007ffaa2cd0000 - 0x00007ffaa2cea000 	C:\Xilinx\Vivado\2019.1\lib\win64.o\pthreadVC2.dll
0x00007ffa1aa20000 - 0x00007ffa1b5cf400 	C:\Xilinx\Vivado\2019.1\lib\win64.o\libisl_iostreams.dll
0x00007ffaa1e60000 - 0x00007ffaa1e74000 	C:\Xilinx\Vivado\2019.1\lib\win64.o\librdi_commonmain.dll
0x0000000058c80000 - 0x0000000058dab000 	C:\Xilinx\Vivado\2019.1\lib\win64.o\tcl85t.dll
0x00007ffaa1e40000 - 0x00007ffaa1e5c000 	C:\Xilinx\Vivado\2019.1\lib\win64.o\librdiconfig.dll
0x00007ffaa2e20000 - 0x00007ffaa2e39000 	C:\WINDOWS\SYSTEM32\NETAPI32.dll
0x00007ffa9fad0000 - 0x00007ffa9faf1000 	C:\Xilinx\Vivado\2019.1\lib\win64.o\librdizlib.dll
0x00007ffa940c0000 - 0x00007ffa945b4000 	C:\WINDOWS\SYSTEM32\WININET.dll
0x00007ffab0aa0000 - 0x00007ffab0bcf000 	C:\WINDOWS\SYSTEM32\WINHTTP.dll
0x00007ffa889f0000 - 0x00007ffa88b11000 	C:\Xilinx\Vivado\2019.1\lib\win64.o\librdi_commonxillic.dll
0x00007ffaa7910000 - 0x00007ffaa7b00000 	C:\WINDOWS\SYSTEM32\urlmon.dll
0x00007ffaa47b0000 - 0x00007ffaa47b9000 	C:\WINDOWS\SYSTEM32\WSOCK32.dll
0x00007ffa928b0000 - 0x00007ffa928e1000 	C:\WINDOWS\SYSTEM32\VCOMP140.DLL
0x00007ffaa3d70000 - 0x00007ffaa3d7d000 	C:\Xilinx\Vivado\2019.1\lib\win64.o\libboost_chrono.dll
0x00007ffaa0150000 - 0x00007ffaa016b000 	C:\Xilinx\Vivado\2019.1\lib\win64.o\libboost_iostreams.dll
0x00007ffaa35a0000 - 0x00007ffaa35aa000 	C:\Xilinx\Vivado\2019.1\lib\win64.o\librdi_commonversion.dll
0x00007ffa9f500000 - 0x00007ffa9f525000 	C:\Xilinx\Vivado\2019.1\lib\win64.o\libisl_iosutils.dll
0x00007ffaa7170000 - 0x00007ffaa7421000 	C:\WINDOWS\SYSTEM32\iertutil.dll
0x00007ffaaf8e0000 - 0x00007ffaaf908000 	C:\WINDOWS\SYSTEM32\srvcli.dll
0x00007ffab6b60000 - 0x00007ffab6b6c000 	C:\WINDOWS\SYSTEM32\netutils.dll
0x00007ffa19b80000 - 0x00007ffa1aa11000 	C:\Xilinx\Vivado\2019.1\lib\win64.o\gurobi65.dll
0x00007ffa1ee40000 - 0x00007ffa1f118000 	C:\Xilinx\Vivado\2019.1\lib\win64.o\libXil_lmgr11.dll
0x00007ffab9a60000 - 0x00007ffab9b56000 	C:\WINDOWS\System32\COMDLG32.dll
0x00007ffaba250000 - 0x00007ffaba5da000 	C:\WINDOWS\System32\combase.dll
0x00007ffaba760000 - 0x00007ffaba851000 	C:\WINDOWS\System32\shcore.dll
0x00007ffaba5e0000 - 0x00007ffaba63e000 	C:\WINDOWS\System32\SHLWAPI.dll
0x00007ffab98e0000 - 0x00007ffab99b7000 	C:\WINDOWS\System32\OLEAUT32.dll
0x00007ffa93840000 - 0x00007ffa938f3000 	C:\WINDOWS\WinSxS\amd64_microsoft.windows.common-controls_6595b64144ccf1df_5.82.22621.608_none_fb280a3c7926c2cc\COMCTL32.dll
0x00007ffab8ba0000 - 0x00007ffab8d3c000 	C:\WINDOWS\System32\ole32.dll
0x00007ffab8800000 - 0x00007ffab8869000 	C:\WINDOWS\System32\WINTRUST.dll
0x00007ffab8690000 - 0x00007ffab87f6000 	C:\WINDOWS\System32\CRYPT32.dll
0x00007ffab1190000 - 0x00007ffab11af000 	C:\WINDOWS\SYSTEM32\dhcpcsvc.DLL
0x0000000012000000 - 0x0000000012270000 	C:\Xilinx\Vivado\2019.1\lib\win64.o\xerces-c_3_1.dll
0x00007ffaba6f0000 - 0x00007ffaba722000 	C:\WINDOWS\System32\IMM32.DLL
0x00007ffab7c70000 - 0x00007ffab7c82000 	C:\WINDOWS\SYSTEM32\MSASN1.dll
0x00007ffab70b0000 - 0x00007ffab70c8000 	C:\WINDOWS\SYSTEM32\kernel.appcore.dll
0x00007ffa1e920000 - 0x00007ffa1ee37000 	C:\Xilinx\Vivado\2019.1\lib\win64.o\librdi_commontasks.dll
0x00007ffab1350000 - 0x00007ffab135a000 	C:\WINDOWS\SYSTEM32\VERSION.dll
0x00007ffa1ce60000 - 0x00007ffa1d0e6000 	C:\Xilinx\Vivado\2019.1\lib\win64.o\librdi_sio.dll
0x00007ffab6b70000 - 0x00007ffab6b9d000 	C:\WINDOWS\SYSTEM32\IPHLPAPI.DLL
0x00000000576d0000 - 0x00000000580f5000 	C:\Xilinx\Vivado\2019.1\tps\win64\jre9.0.4\bin\server\jvm.dll
0x00007ffab9bf0000 - 0x00007ffab9bf8000 	C:\WINDOWS\System32\PSAPI.DLL
0x00007ffaa3690000 - 0x00007ffaa36c4000 	C:\WINDOWS\SYSTEM32\WINMM.dll
0x00007ffaa0990000 - 0x00007ffaa0a7f000 	C:\WINDOWS\SYSTEM32\MSVCR120.dll
0x00007ffab7550000 - 0x00007ffab75b9000 	C:\WINDOWS\SYSTEM32\MSWSOCK.DLL
0x00007ffab5fe0000 - 0x00007ffab68a5000 	C:\WINDOWS\SYSTEM32\windows.storage.dll
0x00007ffab5ea0000 - 0x00007ffab5fde000 	C:\WINDOWS\SYSTEM32\wintypes.dll
0x00007ffa176c0000 - 0x00007ffa19b7c000 	C:\Xilinx\Vivado\2019.1\lib\win64.o\librdi_tcltasks.dll
0x00007ffa8be00000 - 0x00007ffa8be78000 	C:\Xilinx\Vivado\2019.1\lib\win64.o\librdi_boarddep.dll
0x00007ffa172b0000 - 0x00007ffa176b8000 	C:\Xilinx\Vivado\2019.1\lib\win64.o\librdi_bitstream.dll
0x00007ffa87ae0000 - 0x00007ffa87c71000 	C:\Xilinx\Vivado\2019.1\lib\win64.o\librdi_board.dll
0x00007ffa88900000 - 0x00007ffa889eb000 	C:\Xilinx\Vivado\2019.1\lib\win64.o\librdi_chipscope.dll
0x00007ffa862b0000 - 0x00007ffa8646d000 	C:\Xilinx\Vivado\2019.1\lib\win64.o\librdi_chipscopeimpl.dll
0x00007ffa85200000 - 0x00007ffa85356000 	C:\Xilinx\Vivado\2019.1\lib\win64.o\librdi_containers.dll
0x00007ffa13260000 - 0x00007ffa172a3000 	C:\Xilinx\Vivado\2019.1\lib\win64.o\librdi_designutils.dll
0x00007ffa11870000 - 0x00007ffa1325a000 	C:\Xilinx\Vivado\2019.1\lib\win64.o\librdi_constraints.dll
0x00007ffa11550000 - 0x00007ffa1186e000 	C:\Xilinx\Vivado\2019.1\lib\win64.o\librdi_dlyest.dll
0x00007ffa10fb0000 - 0x00007ffa1154a000 	C:\Xilinx\Vivado\2019.1\lib\win64.o\librdi_drc.dll
0x00007ffa85970000 - 0x00007ffa85a34000 	C:\Xilinx\Vivado\2019.1\lib\win64.o\librdi_dsp.dll
0x00007ffa0f0f0000 - 0x00007ffa10fa1000 	C:\Xilinx\Vivado\2019.1\lib\win64.o\librdi_coregen.dll
0x00007ffa0ee00000 - 0x00007ffa0f0e3000 	C:\Xilinx\Vivado\2019.1\lib\win64.o\librdi_guitools.dll
0x00007ffa0e720000 - 0x00007ffa0edfa000 	C:\Xilinx\Vivado\2019.1\lib\win64.o\librdi_coregenipxact.dll
0x00007ffa8c750000 - 0x00007ffa8c7b5000 	C:\Xilinx\Vivado\2019.1\lib\win64.o\librdi_hdf.dll
0x00007ffa0e0d0000 - 0x00007ffa0e71d000 	C:\Xilinx\Vivado\2019.1\lib\win64.o\librdi_filemgmt.dll
0x00007ff9fbca0000 - 0x00007ffa0e0cc000 	C:\Xilinx\Vivado\2019.1\lib\win64.o\librdi_device.dll
0x00007ff9fa6e0000 - 0x00007ff9fbca0000 	C:\Xilinx\Vivado\2019.1\lib\win64.o\librdi_implflow.dll
0x00007ff9fa0c0000 - 0x00007ff9fa6d5000 	C:\Xilinx\Vivado\2019.1\lib\win64.o\librdi_memdata.dll
0x00007ffa897c0000 - 0x00007ffa89833000 	C:\Xilinx\Vivado\2019.1\lib\win64.o\librdi_memoryarray.dll
0x00007ffa89d40000 - 0x00007ffa89d8b000 	C:\Xilinx\Vivado\2019.1\lib\win64.o\librdi_pfi.dll
0x00007ff9f73d0000 - 0x00007ff9fa0b6000 	C:\Xilinx\Vivado\2019.1\lib\win64.o\librdi_mig.dll
0x00007ff9f6d20000 - 0x00007ff9f73c2000 	C:\Xilinx\Vivado\2019.1\lib\win64.o\librdi_netlist.dll
0x00007ff9f6a10000 - 0x00007ff9f6d1f000 	C:\Xilinx\Vivado\2019.1\lib\win64.o\librdi_platform.dll
0x00007ff9f62c0000 - 0x00007ff9f6a0a000 	C:\Xilinx\Vivado\2019.1\lib\win64.o\librdi_power.dll
0x00007ff9f3c40000 - 0x00007ff9f62b6000 	C:\Xilinx\Vivado\2019.1\lib\win64.o\librdi_place.dll
0x00007ff9f36c0000 - 0x00007ff9f3c3f000 	C:\Xilinx\Vivado\2019.1\lib\win64.o\librdi_project.dll
0x00007ff9f2fb0000 - 0x00007ff9f36b6000 	C:\Xilinx\Vivado\2019.1\lib\win64.o\librdi_rsb.dll
0x00007ff9f28a0000 - 0x00007ff9f2fa9000 	C:\Xilinx\Vivado\2019.1\lib\win64.o\librdi_psta.dll
0x00007ffa72d30000 - 0x00007ffa72e2a000 	C:\Xilinx\Vivado\2019.1\lib\win64.o\librdi_runsbase.dll
0x00007ffa1f980000 - 0x00007ffa1fbd6000 	C:\Xilinx\Vivado\2019.1\lib\win64.o\librdi_simdata.dll
0x00007ff9f24a0000 - 0x00007ff9f2891000 	C:\Xilinx\Vivado\2019.1\lib\win64.o\librdi_runs.dll
0x00007ffa894f0000 - 0x00007ffa8953c000 	C:\Xilinx\Vivado\2019.1\lib\win64.o\libboost_serialization.dll
0x00007ffa720d0000 - 0x00007ffa72242000 	C:\Xilinx\Vivado\2019.1\lib\win64.o\librdi_advchipscopeimpl.dll
0x00007ff9f20b0000 - 0x00007ff9f2495000 	C:\Xilinx\Vivado\2019.1\lib\win64.o\librdi_hip_config.dll
0x00007ffa3db60000 - 0x00007ffa3dcff000 	C:\Xilinx\Vivado\2019.1\lib\win64.o\librdi_hip_devdesign.dll
0x00007ff9f1290000 - 0x00007ff9f20a1000 	C:\Xilinx\Vivado\2019.1\lib\win64.o\librdi_timing.dll
0x00007ffa89290000 - 0x00007ffa892d3000 	C:\Xilinx\Vivado\2019.1\lib\win64.o\librdi_noc_frameworks.dll
0x00007ffa72c60000 - 0x00007ffa72d22000 	C:\Xilinx\Vivado\2019.1\lib\win64.o\librdi_ipconfig_readwrite.dll
0x00007ffa72030000 - 0x00007ffa720ce000 	C:\Xilinx\Vivado\2019.1\lib\win64.o\libise.dll
0x00007ff9f0d40000 - 0x00007ff9f128e000 	C:\Xilinx\Vivado\2019.1\lib\win64.o\librdi_xdm.dll
0x00007ffa8cbf0000 - 0x00007ffa8cc30000 	C:\Xilinx\Vivado\2019.1\lib\win64.o\librdi_wavedata_SimpleApi.dll
0x00007ff9f01f0000 - 0x00007ff9f0d37000 	C:\Xilinx\Vivado\2019.1\lib\win64.o\libverific.dll
0x00007ffa8c600000 - 0x00007ffa8c63f000 	C:\Xilinx\Vivado\2019.1\lib\win64.o\librdi_schedmon.dll
0x00007ff9ef060000 - 0x00007ff9f01ed000 	C:\Xilinx\Vivado\2019.1\lib\win64.o\librdi_route.dll
0x00007ff9ed090000 - 0x00007ff9ef05d000 	C:\Xilinx\Vivado\2019.1\lib\win64.o\librdi_synth.dll
0x00007ffa1d160000 - 0x00007ffa1d3b9000 	C:\Xilinx\Vivado\2019.1\lib\win64.o\librdi_hsm.dll

VM Arguments:
jvm_args: -Dsun.java2d.pmoffscreen=false -Dsun.java2d.xrender=false -Dsun.java2d.d3d=false -Dsun.awt.nopixfmt=true -Dsun.java2d.dpiaware=true -Dsun.java2d.uiScale.enabled=false -Xverify:none -Dswing.aatext=true -XX:-UsePerfData -Djdk.map.althashing.threshold=512 -XX:StringTableSize=4072 --add-opens=java.base/java.nio=ALL-UNNAMED --add-opens=java.desktop/sun.swing=ALL-UNNAMED --add-opens=java.desktop/javax.swing=ALL-UNNAMED --add-opens=java.desktop/javax.swing.tree=ALL-UNNAMED --add-opens=java.desktop/javax.swing.plaf.basic=ALL-UNNAMED --add-opens=java.desktop/javax.swing.plaf.synth=ALL-UNNAMED --add-opens=java.desktop/com.sun.awt=ALL-UNNAMED -XX:NewSize=60m -XX:MaxNewSize=60m -Xms128m -Xmx3072m -Xss5m 
java_command: <unknown>
java_class_path (initial): C:/Xilinx/Vivado/2019.1\lib\classes\alloy.jar;C:/Xilinx/Vivado/2019.1\lib\classes\autopilot.scelaborator.jar;C:/Xilinx/Vivado/2019.1\lib\classes\autopilot.sourceprocessor.jar;C:/Xilinx/Vivado/2019.1\lib\classes\autopilot.tbprocessor.jar;C:/Xilinx/Vivado/2019.1\lib\classes\batik-anim.jar;C:/Xilinx/Vivado/2019.1\lib\classes\batik-awt-util.jar;C:/Xilinx/Vivado/2019.1\lib\classes\batik-bridge.jar;C:/Xilinx/Vivado/2019.1\lib\classes\batik-codec.jar;C:/Xilinx/Vivado/2019.1\lib\classes\batik-css.jar;C:/Xilinx/Vivado/2019.1\lib\classes\batik-dom.jar;C:/Xilinx/Vivado/2019.1\lib\classes\batik-ext.jar;C:/Xilinx/Vivado/2019.1\lib\classes\batik-gui-util.jar;C:/Xilinx/Vivado/2019.1\lib\classes\batik-gvt.jar;C:/Xilinx/Vivado/2019.1\lib\classes\batik-parser.jar;C:/Xilinx/Vivado/2019.1\lib\classes\batik-script.jar;C:/Xilinx/Vivado/2019.1\lib\classes\batik-svg-dom.jar;C:/Xilinx/Vivado/2019.1\lib\classes\batik-swing.jar;C:/Xilinx/Vivado/2019.1\lib\classes\batik-transcoder.jar;C:/Xilinx/Vivado/2019.1\lib\classes\batik-util.jar;C:/Xilinx/Vivado/2019.1\lib\classes\batik-xml.jar;C:/Xilinx/Vivado/2019.1\lib\classes\com.google.gson_2.7.0.v20170129-0911.jar;C:/Xilinx/Vivado/2019.1\lib\classes\com.google.guava_21.0.0.v20170206-1425.jar;C:/Xilinx/Vivado/2019.1\lib\classes\com.google.inject_3.0.0.v201605172100.jar;C:/Xilinx/Vivado/2019.1\lib\classes\com.ibm.icu_4.4.2.v20110208.jar;C:/Xilinx/Vivado/2019.1\lib\classes\com.sigasi.hdt.annotations.runtime_4.3.0.201903071210.jar;C:/Xilinx/Vivado/2019.1\lib\classes\com.sigasi.hdt.blockdiagram.model_4.3.0.201903071210.jar;C:/Xilinx/Vivado/2019.1\lib\classes\com.sigasi.hdt.connection_4.3.0.201903071210.jar;C:/Xilinx/Vivado/2019.1\lib\classes\com.sigasi.hdt.dependencies.model_4.3.0.201903071210.jar;C:/Xilinx/Vivado/2019.1\lib\classes\com.sigasi.hdt.epl_4.3.0.201903071210.jar;C:/Xilinx/Vivado/2019.1\lib\classes\com.sigasi.hdt.graphics.model_4.3.0.201903071210.jar;C:/Xilinx/Vivado/2019.1\lib\classes\com.sigasi.hdt.project_4.3.0
Launcher Type: generic

Logging:
Log output configuration:
#0: stdout all=warning uptime,level,tags
#1: stderr all=off uptime,level,tags

Environment Variables:
PATH=C:/Xilinx/Vivado/2019.1/bin;C:/Xilinx/Vivado/2019.1/lib/win64.o;C:/Xilinx/Vivado/2019.1/tps/win64/jre9.0.4/bin/server;C:/Xilinx/Vivado/2019.1/tps/win64/jre9.0.4/bin;C:/Xilinx/SDK/2019.1/bin;C:/Xilinx/Vivado/2019.1/ids_lite/ISE/bin/nt64;C:/Xilinx/Vivado/2019.1/ids_lite/ISE/lib/nt64;C:\Program Files (x86)\Common Files\Intel\Shared Libraries\redist\intel64_win\compiler;C:\tools\ruby30\bin;C:\VulkanSDK\1.2.176.1\Bin;C:\Program Files (x86)\Common Files\Oracle\Java\javapath;C:\Program Files\Yori;C:\Windows\system32;C:\Windows;C:\Windows\System32\Wbem;C:\Windows\System32\WindowsPowerShell\v1.0\;C:\Windows\System32\OpenSSH\;C:\ProgramData\chocolatey\bin;C:\ProgramData\chocolatey\lib\mpv.install\tools;C:\Program Files\dotnet\;C:\Program Files\Microsoft VS Code\bin;C:\PROGRA~1\MATLAB\R2020a\bin;C:\Program Files\MATLAB\R2020a\bin;C:\Program Files\Git\cmd;C:\bin;C:\bin\emacs-27.1\bin;C:\Users\abi\AppData\Local\Android\Sdk\platform-tools;C:\Users\abi\AppData\Local\Android\Sdk\tools;C:\MinGW\bin;C:\Users\abi\AppData\Local\Programs\MiKTeX\miktex\bin\x64;C:\bin\neovim\bin;C:\Program Files\Common Files\Autodesk Shared\;C:\Program Files\Microsoft SQL Server\130\Tools\Binn\;C:\Program Files\PowerShell\7\;C:\Program Files\LLVM\bin;C:\Program Files\CMake\bin;C:\Users\abi\appdata\local\microsoft\WindowsApps;C:\Program Files\nodejs\;C:\Program Files (x86)\NVIDIA Corporation\PhysX\Common;C:\Program Files\NVIDIA Corporation\NVIDIA NvDLISR;C:\Program Files\Docker\Docker\resources\bin;C:\ProgramData\DockerDesktop\version-bin;%SystemRoot%\system32;%SystemRoot%;%SystemRoot%\System32\Wbem;%SYSTEMROOT%\System32\WindowsPowerShell\v1.0\;%SYSTEMROOT%\System32\OpenSSH\;C:\Users\abi\AppData\Local\Programs\Python\Python39\Scripts\;C:\Users\abi\AppData\Local\Programs\Python\Python39\;C:\Program Files (x86)\GitHub CLI\;C:\Program Files\MPC-BE x64\;C:\Users\abi\.dotnet\tools;C:\Users\abi\AppData\Local\gitkraken\bin;C:\bin\emacs-27.2-x86_64\bin;C:\Exercism;C:\tools\msys64;C:\tools\ruffle;C:\Program Files
USERNAME=abi
OS=Windows_NT
PROCESSOR_IDENTIFIER=Intel64 Family 6 Model 166 Stepping 0, GenuineIntel



---------------  S Y S T E M  ---------------

OS: Windows 10 , 64 bit Build 22621 (10.0.22621.755)

CPU:total 12 (initial active 12) (6 cores per cpu, 2 threads per core) family 6 model 166 stepping 0, cmov, cx8, fxsr, mmx, sse, sse2, sse3, ssse3, sse4.1, sse4.2, popcnt, avx, avx2, aes, clmul, erms, 3dnowpref, lzcnt, ht, tsc, tscinvbit, bmi1, bmi2, adx, fma

Memory: 4k page, physical 33384248k(21100240k free), swap 35481400k(22056028k free)

vm_info: Java HotSpot(TM) 64-Bit Server VM (9.0.4+11) for windows-amd64 JRE (9.0.4+11), built on Dec 20 2017 02:18:54 by "mach5one" with MS VC++ 12.0 (VS2013)

END.
