#
# An unexpected error has occurred (11)
#
Stack:
/opt/Xilinx/Vivado/2019.1/tps/lnx64/jre9.0.4/lib//server/libjvm.so(+0xb6aadb) [0x7f21b156aadb]
/opt/Xilinx/Vivado/2019.1/tps/lnx64/jre9.0.4/lib//server/libjvm.so(JVM_handle_linux_signal+0xbb) [0x7f21b156fe1b]
/opt/Xilinx/Vivado/2019.1/tps/lnx64/jre9.0.4/lib//server/libjvm.so(+0xb647b8) [0x7f21b15647b8]
/lib/x86_64-linux-gnu/libc.so.6(+0x42520) [0x7f21ff41a520]
/opt/Xilinx/Vivado/2019.1/lib/lnx64.o/librdi_simbridge_kernel.so(SimBridge::CArray::empty() const+0) [0x7f21b78567b0]
/opt/Xilinx/Vivado/2019.1/lib/lnx64.o/librdi_simbridge_kernel.so(SimBridge::WdbEventBlock::addBlock(SimBridge::WdbIBlockManager&, unsigned int&) const+0x1e) [0x7f21b7856e8e]
/opt/Xilinx/Vivado/2019.1/lib/lnx64.o/librdi_simbridge_kernel.so(SimBridge::WdbMultipleBucketEventDatabase::getEventBlockDatabaseIterator(std::vector<SimBridge::WdbScalarBTree*, std::allocator<SimBridge::WdbScalarBTree*> > const&, std::vector<boost::shared_ptr<SimBridge::WdbIEventBlockIterator>, std::allocator<boost::shared_ptr<SimBridge::WdbIEventBlockIterator> > >&, std::vector<std::vector<SimBridge::WdbScalarBTree*, std::allocator<SimBridge::WdbScalarBTree*> >, std::allocator<std::vector<SimBridge::WdbScalarBTree*, std::allocator<SimBridge::WdbScalarBTree*> > > >&) const+0x691) [0x7f21b7870391]
/opt/Xilinx/Vivado/2019.1/lib/lnx64.o/librdi_simbridge_kernel.so(SimBridge::WdbAddressBTreeManager::scanWdbDatabaseMultiThread(std::vector<SimBridge::WdbScalarBTree*, std::allocator<SimBridge::WdbScalarBTree*> > const&, ISIM::IGuiStatus*)+0xc4) [0x7f21b784de14]
/opt/Xilinx/Vivado/2019.1/lib/lnx64.o/librdi_wavedata.so(SimBridge::DataObjMgr::createDrawingBTree(std::vector<SimBridge::IDataObj const*, std::allocator<SimBridge::IDataObj const*> > const&, ISIM::IGuiStatus*, bool)+0x32a) [0x7f21c201f23a]
/opt/Xilinx/Vivado/2019.1/lib/lnx64.o/librdi_wavedata.so(+0x2d9342) [0x7f21c20d9342]
/opt/Xilinx/Vivado/2019.1/lib/lnx64.o/librdi_wavedata.so(+0x2d95ec) [0x7f21c20d95ec]
/opt/Xilinx/Vivado/2019.1/lib/lnx64.o/librdi_wavedata.so(SG_Model::ModelImp::updateData(SG_Model::WVDataObject*, bool)+0x30f) [0x7f21c20d365f]
/opt/Xilinx/Vivado/2019.1/lib/lnx64.o/librdi_wavedata.so(SG_Model::ModelImp::updateData(SG_Model::WVDataObject*, bool)+0x18f) [0x7f21c20d34df]
/opt/Xilinx/Vivado/2019.1/lib/lnx64.o/librdi_wavedata.so(SG_Model::ModelImp::updateData()+0x96b) [0x7f21c20d434b]
/opt/Xilinx/Vivado/2019.1/lib/lnx64.o/librdi_wavedata.so(SG_Model::Model::read(std::__cxx11::basic_string<char, std::char_traits<char>, std::allocator<char> > const&, SG_Model::IReporter&, ISIM::IGuiStatus*)+0x20d) [0x7f21c20d5b2d]
/opt/Xilinx/Vivado/2019.1/lib/lnx64.o/librdi_wavedata.so(WVDAppInterface::WVDWindowManager::openWcfg(std::__cxx11::basic_string<char, std::char_traits<char>, std::allocator<char> > const&, SG_Model::IDesignManager::ConnectMode, ISIM::IGuiStatus*)+0x143) [0x7f21c1fa2e73]
/opt/Xilinx/Vivado/2019.1/lib/lnx64.o/librdi_wavedatatasks.so(+0xa30d3) [0x7f21770a30d3]
/opt/Xilinx/Vivado/2019.1/lib/lnx64.o/librdi_common.so(+0x8068e2) [0x7f2200a068e2]
/opt/Xilinx/Vivado/2019.1/lib/lnx64.o/libtcl8.5.so(+0x334af) [0x7f21f94334af]
/opt/Xilinx/Vivado/2019.1/lib/lnx64.o/libtcl8.5.so(Tcl_EvalObjv+0x32) [0x7f21f94335e2]
/opt/Xilinx/Vivado/2019.1/lib/lnx64.o/libtcl8.5.so(TclEvalObjEx+0x322) [0x7f21f9435402]
/opt/Xilinx/Vivado/2019.1/lib/lnx64.o/librdi_common.so(hdi::tcltasks::task_manager::eval_in_tcl(Tcl_Interp*, Tcl_Obj*, char const*, bool)+0xab9) [0x7f2200a08719]
/opt/Xilinx/Vivado/2019.1/lib/lnx64.o/librdi_simtcltasks.so(+0x13b572) [0x7f217593b572]
/opt/Xilinx/Vivado/2019.1/lib/lnx64.o/librdi_common.so(+0x8068e2) [0x7f2200a068e2]
/opt/Xilinx/Vivado/2019.1/lib/lnx64.o/libtcl8.5.so(+0x334af) [0x7f21f94334af]
/opt/Xilinx/Vivado/2019.1/lib/lnx64.o/libtcl8.5.so(+0x34b38) [0x7f21f9434b38]
/opt/Xilinx/Vivado/2019.1/lib/lnx64.o/libtcl8.5.so(Tcl_EvalEx+0x13) [0x7f21f94350a3]
/opt/Xilinx/Vivado/2019.1/lib/lnx64.o/libtcl8.5.so(TclEvalObjEx+0x1e0) [0x7f21f94352c0]
/opt/Xilinx/Vivado/2019.1/lib/lnx64.o/libtcl8.5.so(+0x3b375) [0x7f21f943b375]
/opt/Xilinx/Vivado/2019.1/lib/lnx64.o/libtcl8.5.so(+0x334af) [0x7f21f94334af]
/opt/Xilinx/Vivado/2019.1/lib/lnx64.o/libtcl8.5.so(+0x76875) [0x7f21f9476875]
/opt/Xilinx/Vivado/2019.1/lib/lnx64.o/libtcl8.5.so(+0x7e029) [0x7f21f947e029]
/opt/Xilinx/Vivado/2019.1/lib/lnx64.o/libtcl8.5.so(TclEvalObjEx+0x76) [0x7f21f9435156]
/opt/Xilinx/Vivado/2019.1/lib/lnx64.o/librdi_commontasks.so(+0x1ebcc4) [0x7f21f33ebcc4]
/opt/Xilinx/Vivado/2019.1/lib/lnx64.o/libtcl8.5.so(+0x334af) [0x7f21f94334af]
/opt/Xilinx/Vivado/2019.1/lib/lnx64.o/libtcl8.5.so(+0x76875) [0x7f21f9476875]
/opt/Xilinx/Vivado/2019.1/lib/lnx64.o/libtcl8.5.so(TclObjInterpProcCore+0x420) [0x7f21f94b7df0]
/opt/Xilinx/Vivado/2019.1/lib/lnx64.o/libtcl8.5.so(+0x334af) [0x7f21f94334af]
/opt/Xilinx/Vivado/2019.1/lib/lnx64.o/libtcl8.5.so(Tcl_EvalObjv+0x32) [0x7f21f94335e2]
/opt/Xilinx/Vivado/2019.1/lib/lnx64.o/libtcl8.5.so(TclEvalObjEx+0x322) [0x7f21f9435402]
/opt/Xilinx/Vivado/2019.1/lib/lnx64.o/librdi_tcltasks.so(SimUtils::detail::execStep(Tcl_Interp*, std::__cxx11::basic_ostringstream<char, std::char_traits<char>, std::allocator<char> >&, std::__cxx11::basic_string<char, std::char_traits<char>, std::allocator<char> > const&, std::__cxx11::basic_string<char, std::char_traits<char>, std::allocator<char> >&, bool&)+0x9b) [0x7f21f0ee5a6b]
/opt/Xilinx/Vivado/2019.1/lib/lnx64.o/librdi_tcltasks.so(SimUtils::detail::execSimStep(Tcl_Interp*, std::__cxx11::basic_ostringstream<char, std::char_traits<char>, std::allocator<char> >&, HAPUFSimulator*, HAPUFSimulator::TclProc, std::__cxx11::basic_string<char, std::char_traits<char>, std::allocator<char> > const&, bool, HADAFileSet*, std::__cxx11::basic_string<char, std::char_traits<char>, std::allocator<char> > const&, HAPUFSimulator::SimulationStep, HDGUIStatus*)+0x63) [0x7f21f0ee8903]
/opt/Xilinx/Vivado/2019.1/lib/lnx64.o/librdi_tcltasks.so(HTCSimUtils::executeStep(Tcl_Interp*, HADAFileSet*, HADAFileSet*, HAPUFSimulator*, HDGUIStatus*, std::__cxx11::basic_string<char, std::char_traits<char>, std::allocator<char> > const&, std::__cxx11::basic_string<char, std::char_traits<char>, std::allocator<char> > const&, std::__cxx11::basic_string<char, std::char_traits<char>, std::allocator<char> > const&, bool, bool, bool, std::__cxx11::basic_ostringstream<char, std::char_traits<char>, std::allocator<char> >&)+0x4bb) [0x7f21f0ee98eb]
/opt/Xilinx/Vivado/2019.1/lib/lnx64.o/librdi_tcltasks.so(+0x1694ba2) [0x7f21f0e94ba2]
/opt/Xilinx/Vivado/2019.1/lib/lnx64.o/librdi_common.so(+0x8068e2) [0x7f2200a068e2]
/opt/Xilinx/Vivado/2019.1/lib/lnx64.o/libtcl8.5.so(+0x334af) [0x7f21f94334af]
/opt/Xilinx/Vivado/2019.1/lib/lnx64.o/libtcl8.5.so(+0x76875) [0x7f21f9476875]
/opt/Xilinx/Vivado/2019.1/lib/lnx64.o/libtcl8.5.so(+0x7e029) [0x7f21f947e029]
/opt/Xilinx/Vivado/2019.1/lib/lnx64.o/libtcl8.5.so(TclEvalObjEx+0x76) [0x7f21f9435156]
/opt/Xilinx/Vivado/2019.1/lib/lnx64.o/librdi_common.so(+0x804df1) [0x7f2200a04df1]
/opt/Xilinx/Vivado/2019.1/lib/lnx64.o/libtcl8.5.so(Tcl_ServiceEvent+0x7f) [0x7f21f94a7b0f]
/opt/Xilinx/Vivado/2019.1/lib/lnx64.o/libtcl8.5.so(Tcl_DoOneEvent+0x154) [0x7f21f94a7e44]
/opt/Xilinx/Vivado/2019.1/lib/lnx64.o/librdi_commontasks.so(+0x231625) [0x7f21f3431625]
/opt/Xilinx/Vivado/2019.1/lib/lnx64.o/librdi_commontasks.so(+0x23b163) [0x7f21f343b163]
/opt/Xilinx/Vivado/2019.1/lib/lnx64.o/librdi_commontasks.so(+0x23c1fe) [0x7f21f343c1fe]
/opt/Xilinx/Vivado/2019.1/lib/lnx64.o/librdi_common.so(+0x8068e2) [0x7f2200a068e2]
/opt/Xilinx/Vivado/2019.1/lib/lnx64.o/libtcl8.5.so(+0x334af) [0x7f21f94334af]
/opt/Xilinx/Vivado/2019.1/lib/lnx64.o/libtcl8.5.so(Tcl_EvalObjv+0x32) [0x7f21f94335e2]
/opt/Xilinx/Vivado/2019.1/lib/lnx64.o/libtcl8.5.so(TclEvalObjEx+0x322) [0x7f21f9435402]
/opt/Xilinx/Vivado/2019.1/lib/lnx64.o/librdi_commonmain.so(+0x7424) [0x7f21ffe07424]
/opt/Xilinx/Vivado/2019.1/lib/lnx64.o/libtcl8.5.so(Tcl_Main+0x1d0) [0x7f21f94a0210]
/opt/Xilinx/Vivado/2019.1/lib/lnx64.o/librdi_common.so(+0x84ac9b) [0x7f2200a4ac9b]
/lib/x86_64-linux-gnu/libc.so.6(+0x94b43) [0x7f21ff46cb43]
/lib/x86_64-linux-gnu/libc.so.6(+0x126a00) [0x7f21ff4fea00]
